2021-04-20 17:54:02,933 [main] INFO : Process Thread Started
2021-04-20 17:54:02,938 [main] INFO : Starting peer 1001
2021-04-20 17:54:02,948 [Thread-1] INFO : Initializing client
2021-04-20 17:54:05,741 [Thread-1] INFO : Peer 1001 makes a connection to Peer 1002.
2021-04-20 17:54:05,753 [Thread-4] INFO : Peer 1001 is connected from Peer 1002.
2021-04-20 17:54:08,913 [Thread-6] INFO : Peer 1001 is connected from Peer 1003.
2021-04-20 17:54:09,751 [Thread-1] INFO : Peer 1001 makes a connection to Peer 1003.
2021-04-20 17:54:11,527 [Thread-7] INFO : Peer 1001 is connected from Peer 1004.
2021-04-20 17:54:12,753 [Thread-1] INFO : Peer 1001 makes a connection to Peer 1004.
2021-04-20 17:54:15,858 [Thread-5] INFO : Peer 1001 received the ‘interested’message from 1002.
2021-04-20 17:54:17,950 [Thread-2] INFO : Peer 1001 has the preferred neighbors 1002
2021-04-20 17:54:18,064 [Thread-5] INFO : Peer 1001 received the ‘have’ message from 1002 for the piece 172.
2021-04-20 17:54:18,266 [Thread-5] INFO : Peer 1001 received the ‘have’ message from 1002 for the piece 254.
2021-04-20 17:54:18,469 [Thread-5] INFO : Peer 1001 received the ‘have’ message from 1002 for the piece 238.
2021-04-20 17:54:18,671 [Thread-5] INFO : Peer 1001 received the ‘have’ message from 1002 for the piece 247.
2021-04-20 17:54:18,874 [Thread-5] INFO : Peer 1001 received the ‘have’ message from 1002 for the piece 252.
2021-04-20 17:54:19,017 [Thread-8] INFO : Peer 1001 received the ‘interested’message from 1003.
2021-04-20 17:54:19,076 [Thread-5] INFO : Peer 1001 received the ‘have’ message from 1002 for the piece 38.
2021-04-20 17:54:19,278 [Thread-5] INFO : Peer 1001 received the ‘have’ message from 1002 for the piece 101.
2021-04-20 17:54:19,480 [Thread-5] INFO : Peer 1001 received the ‘have’ message from 1002 for the piece 216.
2021-04-20 17:54:19,682 [Thread-5] INFO : Peer 1001 received the ‘have’ message from 1002 for the piece 49.
2021-04-20 17:54:19,885 [Thread-5] INFO : Peer 1001 received the ‘have’ message from 1002 for the piece 5.
2021-04-20 17:54:20,087 [Thread-5] INFO : Peer 1001 received the ‘have’ message from 1002 for the piece 217.
2021-04-20 17:54:20,290 [Thread-5] INFO : Peer 1001 received the ‘have’ message from 1002 for the piece 244.
2021-04-20 17:54:20,492 [Thread-5] INFO : Peer 1001 received the ‘have’ message from 1002 for the piece 251.
2021-04-20 17:54:20,694 [Thread-5] INFO : Peer 1001 received the ‘have’ message from 1002 for the piece 44.
2021-04-20 17:54:20,896 [Thread-5] INFO : Peer 1001 received the ‘have’ message from 1002 for the piece 197.
2021-04-20 17:54:21,098 [Thread-5] INFO : Peer 1001 received the ‘have’ message from 1002 for the piece 162.
2021-04-20 17:54:21,300 [Thread-5] INFO : Peer 1001 received the ‘have’ message from 1002 for the piece 72.
2021-04-20 17:54:21,501 [Thread-5] INFO : Peer 1001 received the ‘have’ message from 1002 for the piece 245.
2021-04-20 17:54:21,632 [Thread-9] INFO : Peer 1001 received the ‘interested’message from 1004.
2021-04-20 17:54:21,703 [Thread-5] INFO : Peer 1001 received the ‘have’ message from 1002 for the piece 99.
2021-04-20 17:54:21,905 [Thread-5] INFO : Peer 1001 received the ‘have’ message from 1002 for the piece 150.
2021-04-20 17:54:22,106 [Thread-5] INFO : Peer 1001 received the ‘have’ message from 1002 for the piece 16.
2021-04-20 17:54:22,308 [Thread-5] INFO : Peer 1001 received the ‘have’ message from 1002 for the piece 130.
2021-04-20 17:54:22,510 [Thread-5] INFO : Peer 1001 received the ‘have’ message from 1002 for the piece 196.
2021-04-20 17:54:22,712 [Thread-5] INFO : Peer 1001 received the ‘have’ message from 1002 for the piece 22.
2021-04-20 17:54:22,914 [Thread-5] INFO : Peer 1001 received the ‘have’ message from 1002 for the piece 55.
2021-04-20 17:54:22,949 [Thread-3] INFO : Peer 1001 has optimistically unchoked neighbor 1004.
2021-04-20 17:54:22,952 [Thread-2] INFO : Peer 1001 has the preferred neighbors 1002,1003,1004
2021-04-20 17:54:23,057 [Thread-9] INFO : Peer 1001 received the ‘have’ message from 1004 for the piece 185.
2021-04-20 17:54:23,061 [Thread-8] INFO : Peer 1001 received the ‘have’ message from 1003 for the piece 149.
2021-04-20 17:54:23,116 [Thread-5] INFO : Peer 1001 received the ‘have’ message from 1002 for the piece 1.
2021-04-20 17:54:23,259 [Thread-9] INFO : Peer 1001 received the ‘have’ message from 1004 for the piece 244.
2021-04-20 17:54:23,262 [Thread-8] INFO : Peer 1001 received the ‘have’ message from 1003 for the piece 253.
2021-04-20 17:54:23,318 [Thread-5] INFO : Peer 1001 received the ‘have’ message from 1002 for the piece 144.
2021-04-20 17:54:23,460 [Thread-9] INFO : Peer 1001 received the ‘have’ message from 1004 for the piece 116.
2021-04-20 17:54:23,463 [Thread-8] INFO : Peer 1001 received the ‘have’ message from 1003 for the piece 15.
2021-04-20 17:54:23,519 [Thread-5] INFO : Peer 1001 received the ‘have’ message from 1002 for the piece 12.
2021-04-20 17:54:23,662 [Thread-9] INFO : Peer 1001 received the ‘have’ message from 1004 for the piece 0.
2021-04-20 17:54:23,664 [Thread-8] INFO : Peer 1001 received the ‘have’ message from 1003 for the piece 20.
2021-04-20 17:54:23,721 [Thread-5] INFO : Peer 1001 received the ‘have’ message from 1002 for the piece 123.
2021-04-20 17:54:23,864 [Thread-9] INFO : Peer 1001 received the ‘have’ message from 1004 for the piece 26.
2021-04-20 17:54:23,866 [Thread-8] INFO : Peer 1001 received the ‘have’ message from 1003 for the piece 146.
2021-04-20 17:54:23,922 [Thread-5] INFO : Peer 1001 received the ‘have’ message from 1002 for the piece 161.
2021-04-20 17:54:24,067 [Thread-8] INFO : Peer 1001 received the ‘have’ message from 1003 for the piece 86.
2021-04-20 17:54:24,066 [Thread-9] INFO : Peer 1001 received the ‘have’ message from 1004 for the piece 170.
2021-04-20 17:54:24,123 [Thread-5] INFO : Peer 1001 received the ‘have’ message from 1002 for the piece 39.
2021-04-20 17:54:24,268 [Thread-9] INFO : Peer 1001 received the ‘have’ message from 1004 for the piece 238.
2021-04-20 17:54:24,268 [Thread-8] INFO : Peer 1001 received the ‘have’ message from 1003 for the piece 256.
2021-04-20 17:54:24,325 [Thread-5] INFO : Peer 1001 received the ‘have’ message from 1002 for the piece 85.
2021-04-20 17:54:24,469 [Thread-9] INFO : Peer 1001 received the ‘have’ message from 1004 for the piece 127.
2021-04-20 17:54:24,470 [Thread-8] INFO : Peer 1001 received the ‘have’ message from 1003 for the piece 135.
2021-04-20 17:54:24,527 [Thread-5] INFO : Peer 1001 received the ‘have’ message from 1002 for the piece 242.
2021-04-20 17:54:24,671 [Thread-8] INFO : Peer 1001 received the ‘have’ message from 1003 for the piece 74.
2021-04-20 17:54:24,671 [Thread-9] INFO : Peer 1001 received the ‘have’ message from 1004 for the piece 106.
2021-04-20 17:54:24,729 [Thread-5] INFO : Peer 1001 received the ‘have’ message from 1002 for the piece 91.
2021-04-20 17:54:24,873 [Thread-8] INFO : Peer 1001 received the ‘have’ message from 1003 for the piece 90.
2021-04-20 17:54:24,873 [Thread-9] INFO : Peer 1001 received the ‘have’ message from 1004 for the piece 194.
2021-04-20 17:54:24,930 [Thread-5] INFO : Peer 1001 received the ‘have’ message from 1002 for the piece 223.
2021-04-20 17:54:25,074 [Thread-8] INFO : Peer 1001 received the ‘have’ message from 1003 for the piece 174.
2021-04-20 17:54:25,075 [Thread-9] INFO : Peer 1001 received the ‘have’ message from 1004 for the piece 218.
2021-04-20 17:54:25,132 [Thread-5] INFO : Peer 1001 received the ‘have’ message from 1002 for the piece 253.
2021-04-20 17:54:25,276 [Thread-8] INFO : Peer 1001 received the ‘have’ message from 1003 for the piece 68.
2021-04-20 17:54:25,276 [Thread-9] INFO : Peer 1001 received the ‘have’ message from 1004 for the piece 92.
2021-04-20 17:54:25,334 [Thread-5] INFO : Peer 1001 received the ‘have’ message from 1002 for the piece 45.
2021-04-20 17:54:25,477 [Thread-8] INFO : Peer 1001 received the ‘have’ message from 1003 for the piece 164.
2021-04-20 17:54:25,477 [Thread-9] INFO : Peer 1001 received the ‘have’ message from 1004 for the piece 75.
2021-04-20 17:54:25,536 [Thread-5] INFO : Peer 1001 received the ‘have’ message from 1002 for the piece 102.
2021-04-20 17:54:25,680 [Thread-8] INFO : Peer 1001 received the ‘have’ message from 1003 for the piece 203.
2021-04-20 17:54:25,680 [Thread-9] INFO : Peer 1001 received the ‘have’ message from 1004 for the piece 166.
2021-04-20 17:54:25,737 [Thread-5] INFO : Peer 1001 received the ‘have’ message from 1002 for the piece 56.
2021-04-20 17:54:25,881 [Thread-8] INFO : Peer 1001 received the ‘have’ message from 1003 for the piece 100.
2021-04-20 17:54:25,881 [Thread-9] INFO : Peer 1001 received the ‘have’ message from 1004 for the piece 36.
2021-04-20 17:54:25,938 [Thread-5] INFO : Peer 1001 received the ‘have’ message from 1002 for the piece 177.
2021-04-20 17:54:26,083 [Thread-9] INFO : Peer 1001 received the ‘have’ message from 1004 for the piece 15.
2021-04-20 17:54:26,083 [Thread-8] INFO : Peer 1001 received the ‘have’ message from 1003 for the piece 172.
2021-04-20 17:54:26,140 [Thread-5] INFO : Peer 1001 received the ‘have’ message from 1002 for the piece 53.
2021-04-20 17:54:26,285 [Thread-8] INFO : Peer 1001 received the ‘have’ message from 1003 for the piece 99.
2021-04-20 17:54:26,285 [Thread-9] INFO : Peer 1001 received the ‘have’ message from 1004 for the piece 6.
2021-04-20 17:54:26,341 [Thread-5] INFO : Peer 1001 received the ‘have’ message from 1002 for the piece 180.
2021-04-20 17:54:26,385 [Thread-9] INFO : Peer 1001 received the ‘have’ message from 1004 for the piece 11.
2021-04-20 17:54:26,486 [Thread-8] INFO : Peer 1001 received the ‘have’ message from 1003 for the piece 105.
2021-04-20 17:54:26,543 [Thread-5] INFO : Peer 1001 received the ‘have’ message from 1002 for the piece 20.
2021-04-20 17:54:26,586 [Thread-9] INFO : Peer 1001 received the ‘have’ message from 1004 for the piece 196.
2021-04-20 17:54:26,687 [Thread-9] INFO : Peer 1001 received the ‘have’ message from 1004 for the piece 28.
2021-04-20 17:54:26,687 [Thread-8] INFO : Peer 1001 received the ‘have’ message from 1003 for the piece 127.
2021-04-20 17:54:26,744 [Thread-5] INFO : Peer 1001 received the ‘have’ message from 1002 for the piece 188.
2021-04-20 17:54:26,888 [Thread-9] INFO : Peer 1001 received the ‘have’ message from 1004 for the piece 32.
2021-04-20 17:54:26,888 [Thread-8] INFO : Peer 1001 received the ‘have’ message from 1003 for the piece 147.
2021-04-20 17:54:26,945 [Thread-5] INFO : Peer 1001 received the ‘have’ message from 1002 for the piece 77.
2021-04-20 17:54:26,989 [Thread-9] INFO : Peer 1001 received the ‘have’ message from 1004 for the piece 60.
2021-04-20 17:54:27,090 [Thread-8] INFO : Peer 1001 received the ‘have’ message from 1003 for the piece 133.
2021-04-20 17:54:27,147 [Thread-5] INFO : Peer 1001 received the ‘have’ message from 1002 for the piece 185.
2021-04-20 17:54:27,191 [Thread-9] INFO : Peer 1001 received the ‘have’ message from 1004 for the piece 44.
2021-04-20 17:54:27,291 [Thread-8] INFO : Peer 1001 received the ‘have’ message from 1003 for the piece 163.
2021-04-20 17:54:27,292 [Thread-9] INFO : Peer 1001 received the ‘have’ message from 1004 for the piece 14.
2021-04-20 17:54:27,348 [Thread-5] INFO : Peer 1001 received the ‘have’ message from 1002 for the piece 69.
2021-04-20 17:54:27,492 [Thread-8] INFO : Peer 1001 received the ‘have’ message from 1003 for the piece 257.
2021-04-20 17:54:27,493 [Thread-9] INFO : Peer 1001 received the ‘have’ message from 1004 for the piece 50.
2021-04-20 17:54:27,549 [Thread-5] INFO : Peer 1001 received the ‘have’ message from 1002 for the piece 138.
2021-04-20 17:54:27,593 [Thread-9] INFO : Peer 1001 received the ‘have’ message from 1004 for the piece 236.
2021-04-20 17:54:27,693 [Thread-8] INFO : Peer 1001 received the ‘have’ message from 1003 for the piece 119.
2021-04-20 17:54:27,750 [Thread-5] INFO : Peer 1001 received the ‘have’ message from 1002 for the piece 258.
2021-04-20 17:54:27,794 [Thread-9] INFO : Peer 1001 received the ‘have’ message from 1004 for the piece 124.
2021-04-20 17:54:27,894 [Thread-8] INFO : Peer 1001 received the ‘have’ message from 1003 for the piece 116.
2021-04-20 17:54:27,895 [Thread-9] INFO : Peer 1001 received the ‘have’ message from 1004 for the piece 230.
2021-04-20 17:54:27,952 [Thread-5] INFO : Peer 1001 received the ‘have’ message from 1002 for the piece 218.
2021-04-20 17:54:28,095 [Thread-8] INFO : Peer 1001 received the ‘have’ message from 1003 for the piece 178.
2021-04-20 17:54:28,096 [Thread-9] INFO : Peer 1001 received the ‘have’ message from 1004 for the piece 97.
2021-04-20 17:54:28,154 [Thread-5] INFO : Peer 1001 received the ‘have’ message from 1002 for the piece 33.
2021-04-20 17:54:28,197 [Thread-9] INFO : Peer 1001 received the ‘have’ message from 1004 for the piece 38.
2021-04-20 17:54:28,297 [Thread-8] INFO : Peer 1001 received the ‘have’ message from 1003 for the piece 137.
2021-04-20 17:54:28,355 [Thread-5] INFO : Peer 1001 received the ‘have’ message from 1002 for the piece 47.
2021-04-20 17:54:28,498 [Thread-8] INFO : Peer 1001 received the ‘have’ message from 1003 for the piece 103.
2021-04-20 17:54:28,556 [Thread-5] INFO : Peer 1001 received the ‘have’ message from 1002 for the piece 174.
2021-04-20 17:54:28,700 [Thread-8] INFO : Peer 1001 received the ‘have’ message from 1003 for the piece 131.
2021-04-20 17:54:28,758 [Thread-5] INFO : Peer 1001 received the ‘have’ message from 1002 for the piece 28.
2021-04-20 17:54:28,901 [Thread-8] INFO : Peer 1001 received the ‘have’ message from 1003 for the piece 222.
2021-04-20 17:54:28,959 [Thread-5] INFO : Peer 1001 received the ‘have’ message from 1002 for the piece 121.
2021-04-20 17:54:29,102 [Thread-8] INFO : Peer 1001 received the ‘have’ message from 1003 for the piece 193.
2021-04-20 17:54:29,161 [Thread-5] INFO : Peer 1001 received the ‘have’ message from 1002 for the piece 35.
2021-04-20 17:54:29,304 [Thread-8] INFO : Peer 1001 received the ‘have’ message from 1003 for the piece 36.
2021-04-20 17:54:29,362 [Thread-5] INFO : Peer 1001 received the ‘have’ message from 1002 for the piece 93.
2021-04-20 17:54:29,505 [Thread-8] INFO : Peer 1001 received the ‘have’ message from 1003 for the piece 2.
2021-04-20 17:54:29,563 [Thread-5] INFO : Peer 1001 received the ‘have’ message from 1002 for the piece 152.
2021-04-20 17:54:29,706 [Thread-8] INFO : Peer 1001 received the ‘have’ message from 1003 for the piece 52.
2021-04-20 17:54:29,764 [Thread-5] INFO : Peer 1001 received the ‘have’ message from 1002 for the piece 135.
2021-04-20 17:54:29,907 [Thread-8] INFO : Peer 1001 received the ‘have’ message from 1003 for the piece 261.
2021-04-20 17:54:29,966 [Thread-5] INFO : Peer 1001 received the ‘have’ message from 1002 for the piece 9.
2021-04-20 17:54:30,109 [Thread-8] INFO : Peer 1001 received the ‘have’ message from 1003 for the piece 104.
2021-04-20 17:54:30,167 [Thread-5] INFO : Peer 1001 received the ‘have’ message from 1002 for the piece 243.
2021-04-20 17:54:30,310 [Thread-8] INFO : Peer 1001 received the ‘have’ message from 1003 for the piece 176.
2021-04-20 17:54:30,368 [Thread-5] INFO : Peer 1001 received the ‘have’ message from 1002 for the piece 146.
2021-04-20 17:54:30,511 [Thread-8] INFO : Peer 1001 received the ‘have’ message from 1003 for the piece 29.
2021-04-20 17:54:30,569 [Thread-5] INFO : Peer 1001 received the ‘have’ message from 1002 for the piece 41.
2021-04-20 17:54:30,712 [Thread-8] INFO : Peer 1001 received the ‘have’ message from 1003 for the piece 252.
2021-04-20 17:54:30,770 [Thread-5] INFO : Peer 1001 received the ‘have’ message from 1002 for the piece 208.
2021-04-20 17:54:30,914 [Thread-8] INFO : Peer 1001 received the ‘have’ message from 1003 for the piece 76.
2021-04-20 17:54:30,972 [Thread-5] INFO : Peer 1001 received the ‘have’ message from 1002 for the piece 62.
2021-04-20 17:54:31,115 [Thread-8] INFO : Peer 1001 received the ‘have’ message from 1003 for the piece 10.
2021-04-20 17:54:31,173 [Thread-5] INFO : Peer 1001 received the ‘have’ message from 1002 for the piece 66.
2021-04-20 17:54:31,316 [Thread-8] INFO : Peer 1001 received the ‘have’ message from 1003 for the piece 180.
2021-04-20 17:54:31,374 [Thread-5] INFO : Peer 1001 received the ‘have’ message from 1002 for the piece 57.
2021-04-20 17:54:31,517 [Thread-8] INFO : Peer 1001 received the ‘have’ message from 1003 for the piece 80.
2021-04-20 17:54:31,575 [Thread-5] INFO : Peer 1001 received the ‘have’ message from 1002 for the piece 3.
2021-04-20 17:54:31,718 [Thread-8] INFO : Peer 1001 received the ‘have’ message from 1003 for the piece 187.
2021-04-20 17:54:31,776 [Thread-5] INFO : Peer 1001 received the ‘have’ message from 1002 for the piece 171.
2021-04-20 17:54:31,920 [Thread-8] INFO : Peer 1001 received the ‘have’ message from 1003 for the piece 92.
2021-04-20 17:54:31,977 [Thread-5] INFO : Peer 1001 received the ‘have’ message from 1002 for the piece 178.
2021-04-20 17:54:32,121 [Thread-8] INFO : Peer 1001 received the ‘have’ message from 1003 for the piece 108.
2021-04-20 17:54:32,178 [Thread-5] INFO : Peer 1001 received the ‘have’ message from 1002 for the piece 108.
2021-04-20 17:54:32,322 [Thread-8] INFO : Peer 1001 received the ‘have’ message from 1003 for the piece 95.
2021-04-20 17:54:32,379 [Thread-5] INFO : Peer 1001 received the ‘have’ message from 1002 for the piece 70.
2021-04-20 17:54:32,523 [Thread-8] INFO : Peer 1001 received the ‘have’ message from 1003 for the piece 44.
2021-04-20 17:54:32,581 [Thread-5] INFO : Peer 1001 received the ‘have’ message from 1002 for the piece 160.
2021-04-20 17:54:32,724 [Thread-8] INFO : Peer 1001 received the ‘have’ message from 1003 for the piece 83.
2021-04-20 17:54:32,782 [Thread-5] INFO : Peer 1001 received the ‘have’ message from 1002 for the piece 84.
2021-04-20 17:54:32,925 [Thread-8] INFO : Peer 1001 received the ‘have’ message from 1003 for the piece 144.
2021-04-20 17:54:32,983 [Thread-5] INFO : Peer 1001 received the ‘have’ message from 1002 for the piece 96.
2021-04-20 17:54:33,126 [Thread-8] INFO : Peer 1001 received the ‘have’ message from 1003 for the piece 0.
2021-04-20 17:54:33,184 [Thread-5] INFO : Peer 1001 received the ‘have’ message from 1002 for the piece 260.
2021-04-20 17:54:33,327 [Thread-8] INFO : Peer 1001 received the ‘have’ message from 1003 for the piece 249.
2021-04-20 17:54:33,385 [Thread-5] INFO : Peer 1001 received the ‘have’ message from 1002 for the piece 106.
2021-04-20 17:54:33,528 [Thread-8] INFO : Peer 1001 received the ‘have’ message from 1003 for the piece 217.
2021-04-20 17:54:33,587 [Thread-5] INFO : Peer 1001 received the ‘have’ message from 1002 for the piece 166.
2021-04-20 17:54:33,729 [Thread-8] INFO : Peer 1001 received the ‘have’ message from 1003 for the piece 220.
2021-04-20 17:54:33,788 [Thread-5] INFO : Peer 1001 received the ‘have’ message from 1002 for the piece 14.
2021-04-20 17:54:33,930 [Thread-8] INFO : Peer 1001 received the ‘have’ message from 1003 for the piece 198.
2021-04-20 17:54:33,989 [Thread-5] INFO : Peer 1001 received the ‘have’ message from 1002 for the piece 154.
2021-04-20 17:54:34,131 [Thread-8] INFO : Peer 1001 received the ‘have’ message from 1003 for the piece 124.
2021-04-20 17:54:34,190 [Thread-5] INFO : Peer 1001 received the ‘have’ message from 1002 for the piece 230.
2021-04-20 17:54:34,333 [Thread-8] INFO : Peer 1001 received the ‘have’ message from 1003 for the piece 243.
2021-04-20 17:54:34,391 [Thread-5] INFO : Peer 1001 received the ‘have’ message from 1002 for the piece 156.
2021-04-20 17:54:34,534 [Thread-8] INFO : Peer 1001 received the ‘have’ message from 1003 for the piece 245.
2021-04-20 17:54:34,592 [Thread-5] INFO : Peer 1001 received the ‘have’ message from 1002 for the piece 236.
2021-04-20 17:54:34,735 [Thread-8] INFO : Peer 1001 received the ‘have’ message from 1003 for the piece 12.
2021-04-20 17:54:34,794 [Thread-5] INFO : Peer 1001 received the ‘have’ message from 1002 for the piece 105.
2021-04-20 17:54:34,936 [Thread-8] INFO : Peer 1001 received the ‘have’ message from 1003 for the piece 58.
2021-04-20 17:54:34,995 [Thread-5] INFO : Peer 1001 received the ‘have’ message from 1002 for the piece 194.
2021-04-20 17:54:35,137 [Thread-8] INFO : Peer 1001 received the ‘have’ message from 1003 for the piece 177.
2021-04-20 17:54:35,196 [Thread-5] INFO : Peer 1001 received the ‘have’ message from 1002 for the piece 94.
2021-04-20 17:54:35,338 [Thread-8] INFO : Peer 1001 received the ‘have’ message from 1003 for the piece 30.
2021-04-20 17:54:35,397 [Thread-5] INFO : Peer 1001 received the ‘have’ message from 1002 for the piece 97.
2021-04-20 17:54:35,539 [Thread-8] INFO : Peer 1001 received the ‘have’ message from 1003 for the piece 154.
2021-04-20 17:54:35,598 [Thread-5] INFO : Peer 1001 received the ‘have’ message from 1002 for the piece 179.
2021-04-20 17:54:35,740 [Thread-8] INFO : Peer 1001 received the ‘have’ message from 1003 for the piece 218.
2021-04-20 17:54:35,799 [Thread-5] INFO : Peer 1001 received the ‘have’ message from 1002 for the piece 68.
2021-04-20 17:54:35,941 [Thread-8] INFO : Peer 1001 received the ‘have’ message from 1003 for the piece 175.
2021-04-20 17:54:36,000 [Thread-5] INFO : Peer 1001 received the ‘have’ message from 1002 for the piece 219.
2021-04-20 17:54:36,142 [Thread-8] INFO : Peer 1001 received the ‘have’ message from 1003 for the piece 70.
2021-04-20 17:54:36,201 [Thread-5] INFO : Peer 1001 received the ‘have’ message from 1002 for the piece 42.
2021-04-20 17:54:36,343 [Thread-8] INFO : Peer 1001 received the ‘have’ message from 1003 for the piece 73.
2021-04-20 17:54:36,402 [Thread-5] INFO : Peer 1001 received the ‘have’ message from 1002 for the piece 17.
2021-04-20 17:54:36,545 [Thread-8] INFO : Peer 1001 received the ‘have’ message from 1003 for the piece 212.
2021-04-20 17:54:36,604 [Thread-5] INFO : Peer 1001 received the ‘have’ message from 1002 for the piece 37.
2021-04-20 17:54:36,746 [Thread-8] INFO : Peer 1001 received the ‘have’ message from 1003 for the piece 189.
2021-04-20 17:54:36,805 [Thread-5] INFO : Peer 1001 received the ‘have’ message from 1002 for the piece 176.
2021-04-20 17:54:36,947 [Thread-8] INFO : Peer 1001 received the ‘have’ message from 1003 for the piece 232.
2021-04-20 17:54:37,006 [Thread-5] INFO : Peer 1001 received the ‘have’ message from 1002 for the piece 199.
2021-04-20 17:54:37,148 [Thread-8] INFO : Peer 1001 received the ‘have’ message from 1003 for the piece 223.
2021-04-20 17:54:37,207 [Thread-5] INFO : Peer 1001 received the ‘have’ message from 1002 for the piece 137.
2021-04-20 17:54:37,349 [Thread-8] INFO : Peer 1001 received the ‘have’ message from 1003 for the piece 85.
2021-04-20 17:54:37,409 [Thread-5] INFO : Peer 1001 received the ‘have’ message from 1002 for the piece 204.
2021-04-20 17:54:37,550 [Thread-8] INFO : Peer 1001 received the ‘have’ message from 1003 for the piece 84.
2021-04-20 17:54:37,610 [Thread-5] INFO : Peer 1001 received the ‘have’ message from 1002 for the piece 209.
2021-04-20 17:54:37,752 [Thread-8] INFO : Peer 1001 received the ‘have’ message from 1003 for the piece 251.
2021-04-20 17:54:37,811 [Thread-5] INFO : Peer 1001 received the ‘have’ message from 1002 for the piece 229.
2021-04-20 17:54:37,953 [Thread-8] INFO : Peer 1001 received the ‘have’ message from 1003 for the piece 181.
2021-04-20 17:54:38,012 [Thread-5] INFO : Peer 1001 received the ‘have’ message from 1002 for the piece 235.
2021-04-20 17:54:38,154 [Thread-8] INFO : Peer 1001 received the ‘have’ message from 1003 for the piece 260.
2021-04-20 17:54:38,214 [Thread-5] INFO : Peer 1001 received the ‘have’ message from 1002 for the piece 155.
2021-04-20 17:54:38,355 [Thread-8] INFO : Peer 1001 received the ‘have’ message from 1003 for the piece 138.
2021-04-20 17:54:38,415 [Thread-5] INFO : Peer 1001 received the ‘have’ message from 1002 for the piece 75.
2021-04-20 17:54:38,556 [Thread-8] INFO : Peer 1001 received the ‘have’ message from 1003 for the piece 170.
2021-04-20 17:54:38,616 [Thread-5] INFO : Peer 1001 received the ‘have’ message from 1002 for the piece 107.
2021-04-20 17:54:38,757 [Thread-8] INFO : Peer 1001 received the ‘have’ message from 1003 for the piece 153.
2021-04-20 17:54:38,817 [Thread-5] INFO : Peer 1001 received the ‘have’ message from 1002 for the piece 92.
2021-04-20 17:54:38,958 [Thread-8] INFO : Peer 1001 received the ‘have’ message from 1003 for the piece 168.
2021-04-20 17:54:39,018 [Thread-5] INFO : Peer 1001 received the ‘have’ message from 1002 for the piece 184.
2021-04-20 17:54:39,160 [Thread-8] INFO : Peer 1001 received the ‘have’ message from 1003 for the piece 126.
2021-04-20 17:54:39,220 [Thread-5] INFO : Peer 1001 received the ‘have’ message from 1002 for the piece 215.
2021-04-20 17:54:39,361 [Thread-8] INFO : Peer 1001 received the ‘have’ message from 1003 for the piece 14.
2021-04-20 17:54:39,421 [Thread-5] INFO : Peer 1001 received the ‘have’ message from 1002 for the piece 7.
2021-04-20 17:54:39,562 [Thread-8] INFO : Peer 1001 received the ‘have’ message from 1003 for the piece 134.
2021-04-20 17:54:39,622 [Thread-5] INFO : Peer 1001 received the ‘have’ message from 1002 for the piece 134.
2021-04-20 17:54:39,763 [Thread-8] INFO : Peer 1001 received the ‘have’ message from 1003 for the piece 25.
2021-04-20 17:54:39,823 [Thread-5] INFO : Peer 1001 received the ‘have’ message from 1002 for the piece 214.
2021-04-20 17:54:39,964 [Thread-8] INFO : Peer 1001 received the ‘have’ message from 1003 for the piece 115.
2021-04-20 17:54:40,024 [Thread-5] INFO : Peer 1001 received the ‘have’ message from 1002 for the piece 261.
2021-04-20 17:54:40,165 [Thread-8] INFO : Peer 1001 received the ‘have’ message from 1003 for the piece 228.
2021-04-20 17:54:40,225 [Thread-5] INFO : Peer 1001 received the ‘have’ message from 1002 for the piece 65.
2021-04-20 17:54:40,366 [Thread-8] INFO : Peer 1001 received the ‘have’ message from 1003 for the piece 8.
2021-04-20 17:54:40,426 [Thread-5] INFO : Peer 1001 received the ‘have’ message from 1002 for the piece 205.
2021-04-20 17:54:40,567 [Thread-8] INFO : Peer 1001 received the ‘have’ message from 1003 for the piece 110.
2021-04-20 17:54:40,627 [Thread-5] INFO : Peer 1001 received the ‘have’ message from 1002 for the piece 112.
2021-04-20 17:54:40,767 [Thread-8] INFO : Peer 1001 received the ‘have’ message from 1003 for the piece 255.
2021-04-20 17:54:40,829 [Thread-5] INFO : Peer 1001 received the ‘have’ message from 1002 for the piece 159.
2021-04-20 17:54:40,969 [Thread-8] INFO : Peer 1001 received the ‘have’ message from 1003 for the piece 72.
2021-04-20 17:54:41,030 [Thread-5] INFO : Peer 1001 received the ‘have’ message from 1002 for the piece 183.
2021-04-20 17:54:41,170 [Thread-8] INFO : Peer 1001 received the ‘have’ message from 1003 for the piece 94.
2021-04-20 17:54:41,231 [Thread-5] INFO : Peer 1001 received the ‘have’ message from 1002 for the piece 40.
2021-04-20 17:54:41,371 [Thread-8] INFO : Peer 1001 received the ‘have’ message from 1003 for the piece 101.
2021-04-20 17:54:41,432 [Thread-5] INFO : Peer 1001 received the ‘have’ message from 1002 for the piece 26.
2021-04-20 17:54:41,572 [Thread-8] INFO : Peer 1001 received the ‘have’ message from 1003 for the piece 199.
2021-04-20 17:54:41,633 [Thread-5] INFO : Peer 1001 received the ‘have’ message from 1002 for the piece 19.
2021-04-20 17:54:41,773 [Thread-8] INFO : Peer 1001 received the ‘have’ message from 1003 for the piece 227.
2021-04-20 17:54:41,834 [Thread-5] INFO : Peer 1001 received the ‘have’ message from 1002 for the piece 169.
2021-04-20 17:54:41,974 [Thread-8] INFO : Peer 1001 received the ‘have’ message from 1003 for the piece 98.
2021-04-20 17:54:42,035 [Thread-5] INFO : Peer 1001 received the ‘have’ message from 1002 for the piece 50.
2021-04-20 17:54:42,175 [Thread-8] INFO : Peer 1001 received the ‘have’ message from 1003 for the piece 179.
2021-04-20 17:54:42,236 [Thread-5] INFO : Peer 1001 received the ‘have’ message from 1002 for the piece 119.
2021-04-20 17:54:42,377 [Thread-8] INFO : Peer 1001 received the ‘have’ message from 1003 for the piece 188.
2021-04-20 17:54:42,437 [Thread-5] INFO : Peer 1001 received the ‘have’ message from 1002 for the piece 207.
2021-04-20 17:54:42,578 [Thread-8] INFO : Peer 1001 received the ‘have’ message from 1003 for the piece 47.
2021-04-20 17:54:42,638 [Thread-5] INFO : Peer 1001 received the ‘have’ message from 1002 for the piece 23.
2021-04-20 17:54:42,779 [Thread-8] INFO : Peer 1001 received the ‘have’ message from 1003 for the piece 11.
2021-04-20 17:54:42,839 [Thread-5] INFO : Peer 1001 received the ‘have’ message from 1002 for the piece 141.
2021-04-20 17:54:42,980 [Thread-8] INFO : Peer 1001 received the ‘have’ message from 1003 for the piece 166.
2021-04-20 17:54:43,040 [Thread-5] INFO : Peer 1001 received the ‘have’ message from 1002 for the piece 76.
2021-04-20 17:54:43,181 [Thread-8] INFO : Peer 1001 received the ‘have’ message from 1003 for the piece 139.
2021-04-20 17:54:43,241 [Thread-5] INFO : Peer 1001 received the ‘have’ message from 1002 for the piece 168.
2021-04-20 17:54:43,383 [Thread-8] INFO : Peer 1001 received the ‘have’ message from 1003 for the piece 201.
2021-04-20 17:54:43,442 [Thread-5] INFO : Peer 1001 received the ‘have’ message from 1002 for the piece 125.
2021-04-20 17:54:43,584 [Thread-8] INFO : Peer 1001 received the ‘have’ message from 1003 for the piece 213.
2021-04-20 17:54:43,643 [Thread-5] INFO : Peer 1001 received the ‘have’ message from 1002 for the piece 231.
2021-04-20 17:54:43,785 [Thread-8] INFO : Peer 1001 received the ‘have’ message from 1003 for the piece 259.
2021-04-20 17:54:43,844 [Thread-5] INFO : Peer 1001 received the ‘have’ message from 1002 for the piece 140.
2021-04-20 17:54:43,986 [Thread-8] INFO : Peer 1001 received the ‘have’ message from 1003 for the piece 19.
2021-04-20 17:54:44,044 [Thread-5] INFO : Peer 1001 received the ‘have’ message from 1002 for the piece 164.
2021-04-20 17:54:44,187 [Thread-8] INFO : Peer 1001 received the ‘have’ message from 1003 for the piece 57.
2021-04-20 17:54:44,245 [Thread-5] INFO : Peer 1001 received the ‘have’ message from 1002 for the piece 165.
2021-04-20 17:54:44,388 [Thread-8] INFO : Peer 1001 received the ‘have’ message from 1003 for the piece 159.
2021-04-20 17:54:44,446 [Thread-5] INFO : Peer 1001 received the ‘have’ message from 1002 for the piece 31.
2021-04-20 17:54:44,589 [Thread-8] INFO : Peer 1001 received the ‘have’ message from 1003 for the piece 122.
2021-04-20 17:54:44,647 [Thread-5] INFO : Peer 1001 received the ‘have’ message from 1002 for the piece 10.
2021-04-20 17:54:44,790 [Thread-8] INFO : Peer 1001 received the ‘have’ message from 1003 for the piece 221.
2021-04-20 17:54:44,848 [Thread-5] INFO : Peer 1001 received the ‘have’ message from 1002 for the piece 95.
2021-04-20 17:54:44,991 [Thread-8] INFO : Peer 1001 received the ‘have’ message from 1003 for the piece 31.
2021-04-20 17:54:45,049 [Thread-5] INFO : Peer 1001 received the ‘have’ message from 1002 for the piece 173.
2021-04-20 17:54:45,193 [Thread-8] INFO : Peer 1001 received the ‘have’ message from 1003 for the piece 224.
2021-04-20 17:54:45,250 [Thread-5] INFO : Peer 1001 received the ‘have’ message from 1002 for the piece 36.
2021-04-20 17:54:45,394 [Thread-8] INFO : Peer 1001 received the ‘have’ message from 1003 for the piece 82.
2021-04-20 17:54:45,451 [Thread-5] INFO : Peer 1001 received the ‘have’ message from 1002 for the piece 6.
2021-04-20 17:54:45,595 [Thread-8] INFO : Peer 1001 received the ‘have’ message from 1003 for the piece 66.
2021-04-20 17:54:45,652 [Thread-5] INFO : Peer 1001 received the ‘have’ message from 1002 for the piece 59.
2021-04-20 17:54:45,796 [Thread-8] INFO : Peer 1001 received the ‘have’ message from 1003 for the piece 87.
2021-04-20 17:54:45,853 [Thread-5] INFO : Peer 1001 received the ‘have’ message from 1002 for the piece 210.
2021-04-20 17:54:45,997 [Thread-8] INFO : Peer 1001 received the ‘have’ message from 1003 for the piece 200.
2021-04-20 17:54:46,054 [Thread-5] INFO : Peer 1001 received the ‘have’ message from 1002 for the piece 175.
2021-04-20 17:54:46,198 [Thread-8] INFO : Peer 1001 received the ‘have’ message from 1003 for the piece 195.
2021-04-20 17:54:46,255 [Thread-5] INFO : Peer 1001 received the ‘have’ message from 1002 for the piece 170.
2021-04-20 17:54:46,399 [Thread-8] INFO : Peer 1001 received the ‘have’ message from 1003 for the piece 55.
2021-04-20 17:54:46,456 [Thread-5] INFO : Peer 1001 received the ‘have’ message from 1002 for the piece 222.
2021-04-20 17:54:46,600 [Thread-8] INFO : Peer 1001 received the ‘have’ message from 1003 for the piece 152.
2021-04-20 17:54:46,657 [Thread-5] INFO : Peer 1001 received the ‘have’ message from 1002 for the piece 104.
2021-04-20 17:54:46,802 [Thread-8] INFO : Peer 1001 received the ‘have’ message from 1003 for the piece 63.
2021-04-20 17:54:46,858 [Thread-5] INFO : Peer 1001 received the ‘have’ message from 1002 for the piece 200.
2021-04-20 17:54:47,003 [Thread-8] INFO : Peer 1001 received the ‘have’ message from 1003 for the piece 61.
2021-04-20 17:54:47,060 [Thread-5] INFO : Peer 1001 received the ‘have’ message from 1002 for the piece 127.
2021-04-20 17:54:47,204 [Thread-8] INFO : Peer 1001 received the ‘have’ message from 1003 for the piece 69.
2021-04-20 17:54:47,261 [Thread-5] INFO : Peer 1001 received the ‘have’ message from 1002 for the piece 78.
2021-04-20 17:54:47,405 [Thread-8] INFO : Peer 1001 received the ‘have’ message from 1003 for the piece 21.
2021-04-20 17:54:47,462 [Thread-5] INFO : Peer 1001 received the ‘have’ message from 1002 for the piece 117.
2021-04-20 17:54:47,606 [Thread-8] INFO : Peer 1001 received the ‘have’ message from 1003 for the piece 51.
2021-04-20 17:54:47,663 [Thread-5] INFO : Peer 1001 received the ‘have’ message from 1002 for the piece 27.
2021-04-20 17:54:47,807 [Thread-8] INFO : Peer 1001 received the ‘have’ message from 1003 for the piece 262.
2021-04-20 17:54:47,863 [Thread-5] INFO : Peer 1001 received the ‘have’ message from 1002 for the piece 113.
2021-04-20 17:54:48,008 [Thread-8] INFO : Peer 1001 received the ‘have’ message from 1003 for the piece 23.
2021-04-20 17:54:48,064 [Thread-5] INFO : Peer 1001 received the ‘have’ message from 1002 for the piece 2.
2021-04-20 17:54:48,209 [Thread-8] INFO : Peer 1001 received the ‘have’ message from 1003 for the piece 161.
2021-04-20 17:54:48,265 [Thread-5] INFO : Peer 1001 received the ‘have’ message from 1002 for the piece 212.
2021-04-20 17:54:48,410 [Thread-8] INFO : Peer 1001 received the ‘have’ message from 1003 for the piece 205.
2021-04-20 17:54:48,466 [Thread-5] INFO : Peer 1001 received the ‘have’ message from 1002 for the piece 60.
2021-04-20 17:54:48,611 [Thread-8] INFO : Peer 1001 received the ‘have’ message from 1003 for the piece 235.
2021-04-20 17:54:48,667 [Thread-5] INFO : Peer 1001 received the ‘have’ message from 1002 for the piece 158.
2021-04-20 17:54:48,812 [Thread-8] INFO : Peer 1001 received the ‘have’ message from 1003 for the piece 150.
2021-04-20 17:54:48,868 [Thread-5] INFO : Peer 1001 received the ‘have’ message from 1002 for the piece 187.
2021-04-20 17:54:49,013 [Thread-8] INFO : Peer 1001 received the ‘have’ message from 1003 for the piece 77.
2021-04-20 17:54:49,069 [Thread-5] INFO : Peer 1001 received the ‘have’ message from 1002 for the piece 249.
2021-04-20 17:54:49,214 [Thread-8] INFO : Peer 1001 received the ‘have’ message from 1003 for the piece 238.
2021-04-20 17:54:49,270 [Thread-5] INFO : Peer 1001 received the ‘have’ message from 1002 for the piece 239.
2021-04-20 17:54:49,415 [Thread-8] INFO : Peer 1001 received the ‘have’ message from 1003 for the piece 207.
2021-04-20 17:54:49,471 [Thread-5] INFO : Peer 1001 received the ‘have’ message from 1002 for the piece 240.
2021-04-20 17:54:49,616 [Thread-8] INFO : Peer 1001 received the ‘have’ message from 1003 for the piece 182.
2021-04-20 17:54:49,672 [Thread-5] INFO : Peer 1001 received the ‘have’ message from 1002 for the piece 90.
2021-04-20 17:54:49,817 [Thread-8] INFO : Peer 1001 received the ‘have’ message from 1003 for the piece 28.
2021-04-20 17:54:49,873 [Thread-5] INFO : Peer 1001 received the ‘have’ message from 1002 for the piece 149.
2021-04-20 17:54:50,018 [Thread-8] INFO : Peer 1001 received the ‘have’ message from 1003 for the piece 22.
2021-04-20 17:54:50,074 [Thread-5] INFO : Peer 1001 received the ‘have’ message from 1002 for the piece 145.
2021-04-20 17:54:50,218 [Thread-8] INFO : Peer 1001 received the ‘have’ message from 1003 for the piece 114.
2021-04-20 17:54:50,275 [Thread-5] INFO : Peer 1001 received the ‘have’ message from 1002 for the piece 4.
2021-04-20 17:54:50,419 [Thread-8] INFO : Peer 1001 received the ‘have’ message from 1003 for the piece 65.
2021-04-20 17:54:50,476 [Thread-5] INFO : Peer 1001 received the ‘have’ message from 1002 for the piece 98.
2021-04-20 17:54:50,620 [Thread-8] INFO : Peer 1001 received the ‘have’ message from 1003 for the piece 32.
2021-04-20 17:54:50,677 [Thread-5] INFO : Peer 1001 received the ‘have’ message from 1002 for the piece 64.
2021-04-20 17:54:50,821 [Thread-8] INFO : Peer 1001 received the ‘have’ message from 1003 for the piece 60.
2021-04-20 17:54:50,878 [Thread-5] INFO : Peer 1001 received the ‘have’ message from 1002 for the piece 11.
2021-04-20 17:54:51,022 [Thread-8] INFO : Peer 1001 received the ‘have’ message from 1003 for the piece 3.
2021-04-20 17:54:51,079 [Thread-5] INFO : Peer 1001 received the ‘have’ message from 1002 for the piece 30.
2021-04-20 17:54:51,223 [Thread-8] INFO : Peer 1001 received the ‘have’ message from 1003 for the piece 247.
2021-04-20 17:54:51,280 [Thread-5] INFO : Peer 1001 received the ‘have’ message from 1002 for the piece 51.
2021-04-20 17:54:51,424 [Thread-8] INFO : Peer 1001 received the ‘have’ message from 1003 for the piece 155.
2021-04-20 17:54:51,481 [Thread-5] INFO : Peer 1001 received the ‘have’ message from 1002 for the piece 225.
2021-04-20 17:54:51,624 [Thread-8] INFO : Peer 1001 received the ‘have’ message from 1003 for the piece 233.
2021-04-20 17:54:51,682 [Thread-5] INFO : Peer 1001 received the ‘have’ message from 1002 for the piece 29.
2021-04-20 17:54:51,825 [Thread-8] INFO : Peer 1001 received the ‘have’ message from 1003 for the piece 130.
2021-04-20 17:54:51,883 [Thread-5] INFO : Peer 1001 received the ‘have’ message from 1002 for the piece 86.
2021-04-20 17:54:52,026 [Thread-8] INFO : Peer 1001 received the ‘have’ message from 1003 for the piece 1.
2021-04-20 17:54:52,084 [Thread-5] INFO : Peer 1001 received the ‘have’ message from 1002 for the piece 114.
2021-04-20 17:54:52,227 [Thread-8] INFO : Peer 1001 received the ‘have’ message from 1003 for the piece 118.
2021-04-20 17:54:52,285 [Thread-5] INFO : Peer 1001 received the ‘have’ message from 1002 for the piece 195.
2021-04-20 17:54:52,428 [Thread-8] INFO : Peer 1001 received the ‘have’ message from 1003 for the piece 40.
2021-04-20 17:54:52,486 [Thread-5] INFO : Peer 1001 received the ‘have’ message from 1002 for the piece 82.
2021-04-20 17:54:52,629 [Thread-8] INFO : Peer 1001 received the ‘have’ message from 1003 for the piece 246.
2021-04-20 17:54:52,687 [Thread-5] INFO : Peer 1001 received the ‘have’ message from 1002 for the piece 48.
2021-04-20 17:54:52,829 [Thread-8] INFO : Peer 1001 received the ‘have’ message from 1003 for the piece 111.
2021-04-20 17:54:52,888 [Thread-5] INFO : Peer 1001 received the ‘have’ message from 1002 for the piece 257.
2021-04-20 17:54:53,030 [Thread-8] INFO : Peer 1001 received the ‘have’ message from 1003 for the piece 202.
2021-04-20 17:54:53,089 [Thread-5] INFO : Peer 1001 received the ‘have’ message from 1002 for the piece 79.
2021-04-20 17:54:53,231 [Thread-8] INFO : Peer 1001 received the ‘have’ message from 1003 for the piece 96.
2021-04-20 17:54:53,289 [Thread-5] INFO : Peer 1001 received the ‘have’ message from 1002 for the piece 15.
2021-04-20 17:54:53,432 [Thread-8] INFO : Peer 1001 received the ‘have’ message from 1003 for the piece 4.
2021-04-20 17:54:53,490 [Thread-5] INFO : Peer 1001 received the ‘have’ message from 1002 for the piece 157.
2021-04-20 17:54:53,633 [Thread-8] INFO : Peer 1001 received the ‘have’ message from 1003 for the piece 35.
2021-04-20 17:54:53,691 [Thread-5] INFO : Peer 1001 received the ‘have’ message from 1002 for the piece 201.
2021-04-20 17:54:53,833 [Thread-8] INFO : Peer 1001 received the ‘have’ message from 1003 for the piece 34.
2021-04-20 17:54:53,892 [Thread-5] INFO : Peer 1001 received the ‘have’ message from 1002 for the piece 80.
2021-04-20 17:54:54,034 [Thread-8] INFO : Peer 1001 received the ‘have’ message from 1003 for the piece 225.
2021-04-20 17:54:54,093 [Thread-5] INFO : Peer 1001 received the ‘have’ message from 1002 for the piece 221.
2021-04-20 17:54:54,235 [Thread-8] INFO : Peer 1001 received the ‘have’ message from 1003 for the piece 42.
2021-04-20 17:54:54,294 [Thread-5] INFO : Peer 1001 received the ‘have’ message from 1002 for the piece 13.
2021-04-20 17:54:54,436 [Thread-8] INFO : Peer 1001 received the ‘have’ message from 1003 for the piece 231.
2021-04-20 17:54:54,495 [Thread-5] INFO : Peer 1001 received the ‘have’ message from 1002 for the piece 71.
2021-04-20 17:54:54,637 [Thread-8] INFO : Peer 1001 received the ‘have’ message from 1003 for the piece 239.
2021-04-20 17:54:54,696 [Thread-5] INFO : Peer 1001 received the ‘have’ message from 1002 for the piece 111.
2021-04-20 17:54:54,838 [Thread-8] INFO : Peer 1001 received the ‘have’ message from 1003 for the piece 50.
2021-04-20 17:54:54,897 [Thread-5] INFO : Peer 1001 received the ‘have’ message from 1002 for the piece 58.
2021-04-20 17:54:55,039 [Thread-8] INFO : Peer 1001 received the ‘have’ message from 1003 for the piece 157.
2021-04-20 17:54:55,098 [Thread-5] INFO : Peer 1001 received the ‘have’ message from 1002 for the piece 211.
2021-04-20 17:54:55,240 [Thread-8] INFO : Peer 1001 received the ‘have’ message from 1003 for the piece 242.
2021-04-20 17:54:55,299 [Thread-5] INFO : Peer 1001 received the ‘have’ message from 1002 for the piece 8.
2021-04-20 17:54:55,441 [Thread-8] INFO : Peer 1001 received the ‘have’ message from 1003 for the piece 121.
2021-04-20 17:54:55,500 [Thread-5] INFO : Peer 1001 received the ‘have’ message from 1002 for the piece 115.
2021-04-20 17:54:55,642 [Thread-8] INFO : Peer 1001 received the ‘have’ message from 1003 for the piece 88.
2021-04-20 17:54:55,701 [Thread-5] INFO : Peer 1001 received the ‘have’ message from 1002 for the piece 163.
2021-04-20 17:54:55,843 [Thread-8] INFO : Peer 1001 received the ‘have’ message from 1003 for the piece 219.
2021-04-20 17:54:55,901 [Thread-5] INFO : Peer 1001 received the ‘have’ message from 1002 for the piece 34.
2021-04-20 17:54:56,044 [Thread-8] INFO : Peer 1001 received the ‘have’ message from 1003 for the piece 171.
2021-04-20 17:54:56,102 [Thread-5] INFO : Peer 1001 received the ‘have’ message from 1002 for the piece 220.
2021-04-20 17:54:56,252 [Thread-8] INFO : Peer 1001 received the ‘have’ message from 1003 for the piece 91.
2021-04-20 17:54:56,303 [Thread-5] INFO : Peer 1001 received the ‘have’ message from 1002 for the piece 126.
2021-04-20 17:54:56,453 [Thread-8] INFO : Peer 1001 received the ‘have’ message from 1003 for the piece 120.
2021-04-20 17:54:56,504 [Thread-5] INFO : Peer 1001 received the ‘have’ message from 1002 for the piece 118.
2021-04-20 17:54:56,654 [Thread-8] INFO : Peer 1001 received the ‘have’ message from 1003 for the piece 236.
2021-04-20 17:54:56,705 [Thread-5] INFO : Peer 1001 received the ‘have’ message from 1002 for the piece 116.
2021-04-20 17:54:56,855 [Thread-8] INFO : Peer 1001 received the ‘have’ message from 1003 for the piece 56.
2021-04-20 17:54:56,906 [Thread-5] INFO : Peer 1001 received the ‘have’ message from 1002 for the piece 143.
2021-04-20 17:54:57,055 [Thread-8] INFO : Peer 1001 received the ‘have’ message from 1003 for the piece 113.
2021-04-20 17:54:57,107 [Thread-5] INFO : Peer 1001 received the ‘have’ message from 1002 for the piece 182.
2021-04-20 17:54:57,256 [Thread-8] INFO : Peer 1001 received the ‘have’ message from 1003 for the piece 39.
2021-04-20 17:54:57,308 [Thread-5] INFO : Peer 1001 received the ‘have’ message from 1002 for the piece 109.
2021-04-20 17:54:57,457 [Thread-8] INFO : Peer 1001 received the ‘have’ message from 1003 for the piece 141.
2021-04-20 17:54:57,509 [Thread-5] INFO : Peer 1001 received the ‘have’ message from 1002 for the piece 191.
2021-04-20 17:54:57,658 [Thread-8] INFO : Peer 1001 received the ‘have’ message from 1003 for the piece 191.
2021-04-20 17:54:57,710 [Thread-5] INFO : Peer 1001 received the ‘have’ message from 1002 for the piece 61.
2021-04-20 17:54:57,859 [Thread-8] INFO : Peer 1001 received the ‘have’ message from 1003 for the piece 241.
2021-04-20 17:54:57,910 [Thread-5] INFO : Peer 1001 received the ‘have’ message from 1002 for the piece 233.
2021-04-20 17:54:58,060 [Thread-8] INFO : Peer 1001 received the ‘have’ message from 1003 for the piece 64.
2021-04-20 17:54:58,111 [Thread-5] INFO : Peer 1001 received the ‘have’ message from 1002 for the piece 136.
2021-04-20 17:54:58,261 [Thread-8] INFO : Peer 1001 received the ‘have’ message from 1003 for the piece 226.
2021-04-20 17:54:58,312 [Thread-5] INFO : Peer 1001 received the ‘have’ message from 1002 for the piece 198.
2021-04-20 17:54:58,462 [Thread-8] INFO : Peer 1001 received the ‘have’ message from 1003 for the piece 196.
2021-04-20 17:54:58,513 [Thread-5] INFO : Peer 1001 received the ‘have’ message from 1002 for the piece 129.
2021-04-20 17:54:58,663 [Thread-8] INFO : Peer 1001 received the ‘have’ message from 1003 for the piece 204.
2021-04-20 17:54:58,714 [Thread-5] INFO : Peer 1001 received the ‘have’ message from 1002 for the piece 153.
2021-04-20 17:54:58,864 [Thread-8] INFO : Peer 1001 received the ‘have’ message from 1003 for the piece 258.
2021-04-20 17:54:58,915 [Thread-5] INFO : Peer 1001 received the ‘have’ message from 1002 for the piece 74.
2021-04-20 17:54:59,065 [Thread-8] INFO : Peer 1001 received the ‘have’ message from 1003 for the piece 89.
2021-04-20 17:54:59,116 [Thread-5] INFO : Peer 1001 received the ‘have’ message from 1002 for the piece 255.
2021-04-20 17:54:59,266 [Thread-8] INFO : Peer 1001 received the ‘have’ message from 1003 for the piece 194.
2021-04-20 17:54:59,317 [Thread-5] INFO : Peer 1001 received the ‘have’ message from 1002 for the piece 83.
2021-04-20 17:54:59,466 [Thread-8] INFO : Peer 1001 received the ‘have’ message from 1003 for the piece 151.
2021-04-20 17:54:59,517 [Thread-5] INFO : Peer 1001 received the ‘have’ message from 1002 for the piece 246.
2021-04-20 17:54:59,667 [Thread-8] INFO : Peer 1001 received the ‘have’ message from 1003 for the piece 140.
2021-04-20 17:54:59,718 [Thread-5] INFO : Peer 1001 received the ‘have’ message from 1002 for the piece 128.
2021-04-20 17:54:59,868 [Thread-8] INFO : Peer 1001 received the ‘have’ message from 1003 for the piece 45.
2021-04-20 17:54:59,920 [Thread-5] INFO : Peer 1001 received the ‘have’ message from 1002 for the piece 120.
2021-04-20 17:55:00,069 [Thread-8] INFO : Peer 1001 received the ‘have’ message from 1003 for the piece 49.
2021-04-20 17:55:00,121 [Thread-5] INFO : Peer 1001 received the ‘have’ message from 1002 for the piece 131.
2021-04-20 17:55:00,270 [Thread-8] INFO : Peer 1001 received the ‘have’ message from 1003 for the piece 234.
2021-04-20 17:55:00,322 [Thread-5] INFO : Peer 1001 received the ‘have’ message from 1002 for the piece 193.
2021-04-20 17:55:00,470 [Thread-8] INFO : Peer 1001 received the ‘have’ message from 1003 for the piece 97.
2021-04-20 17:55:00,523 [Thread-5] INFO : Peer 1001 received the ‘have’ message from 1002 for the piece 25.
2021-04-20 17:55:00,671 [Thread-8] INFO : Peer 1001 received the ‘have’ message from 1003 for the piece 117.
2021-04-20 17:55:00,724 [Thread-5] INFO : Peer 1001 received the ‘have’ message from 1002 for the piece 203.
2021-04-20 17:55:00,872 [Thread-8] INFO : Peer 1001 received the ‘have’ message from 1003 for the piece 112.
2021-04-20 17:55:00,924 [Thread-5] INFO : Peer 1001 received the ‘have’ message from 1002 for the piece 237.
2021-04-20 17:55:01,073 [Thread-8] INFO : Peer 1001 received the ‘have’ message from 1003 for the piece 26.
2021-04-20 17:55:01,125 [Thread-5] INFO : Peer 1001 received the ‘have’ message from 1002 for the piece 226.
2021-04-20 17:55:01,274 [Thread-8] INFO : Peer 1001 received the ‘have’ message from 1003 for the piece 16.
2021-04-20 17:55:01,326 [Thread-5] INFO : Peer 1001 received the ‘have’ message from 1002 for the piece 142.
2021-04-20 17:55:01,475 [Thread-8] INFO : Peer 1001 received the ‘have’ message from 1003 for the piece 125.
2021-04-20 17:55:01,531 [Thread-5] INFO : Peer 1001 received the ‘have’ message from 1002 for the piece 234.
2021-04-20 17:55:01,676 [Thread-8] INFO : Peer 1001 received the ‘have’ message from 1003 for the piece 192.
2021-04-20 17:55:01,732 [Thread-5] INFO : Peer 1001 received the ‘have’ message from 1002 for the piece 232.
2021-04-20 17:55:01,877 [Thread-8] INFO : Peer 1001 received the ‘have’ message from 1003 for the piece 211.
2021-04-20 17:55:01,933 [Thread-5] INFO : Peer 1001 received the ‘have’ message from 1002 for the piece 139.
2021-04-20 17:55:02,077 [Thread-8] INFO : Peer 1001 received the ‘have’ message from 1003 for the piece 240.
2021-04-20 17:55:02,133 [Thread-5] INFO : Peer 1001 received the ‘have’ message from 1002 for the piece 103.
2021-04-20 17:55:02,278 [Thread-8] INFO : Peer 1001 received the ‘have’ message from 1003 for the piece 7.
2021-04-20 17:55:02,334 [Thread-5] INFO : Peer 1001 received the ‘have’ message from 1002 for the piece 186.
2021-04-20 17:55:02,479 [Thread-8] INFO : Peer 1001 received the ‘have’ message from 1003 for the piece 128.
2021-04-20 17:55:02,535 [Thread-5] INFO : Peer 1001 received the ‘have’ message from 1002 for the piece 81.
2021-04-20 17:55:02,680 [Thread-8] INFO : Peer 1001 received the ‘have’ message from 1003 for the piece 145.
2021-04-20 17:55:02,736 [Thread-5] INFO : Peer 1001 received the ‘have’ message from 1002 for the piece 100.
2021-04-20 17:55:02,881 [Thread-8] INFO : Peer 1001 received the ‘have’ message from 1003 for the piece 5.
2021-04-20 17:55:02,936 [Thread-5] INFO : Peer 1001 received the ‘have’ message from 1002 for the piece 0.
2021-04-20 17:55:03,082 [Thread-8] INFO : Peer 1001 received the ‘have’ message from 1003 for the piece 41.
2021-04-20 17:55:03,137 [Thread-5] INFO : Peer 1001 received the ‘have’ message from 1002 for the piece 147.
2021-04-20 17:55:03,283 [Thread-8] INFO : Peer 1001 received the ‘have’ message from 1003 for the piece 9.
2021-04-20 17:55:03,338 [Thread-5] INFO : Peer 1001 received the ‘have’ message from 1002 for the piece 24.
2021-04-20 17:55:03,484 [Thread-8] INFO : Peer 1001 received the ‘have’ message from 1003 for the piece 216.
2021-04-20 17:55:03,539 [Thread-5] INFO : Peer 1001 received the ‘have’ message from 1002 for the piece 224.
2021-04-20 17:55:03,685 [Thread-8] INFO : Peer 1001 received the ‘have’ message from 1003 for the piece 156.
2021-04-20 17:55:03,740 [Thread-5] INFO : Peer 1001 received the ‘have’ message from 1002 for the piece 250.
2021-04-20 17:55:03,886 [Thread-8] INFO : Peer 1001 received the ‘have’ message from 1003 for the piece 160.
2021-04-20 17:55:03,941 [Thread-5] INFO : Peer 1001 received the ‘have’ message from 1002 for the piece 18.
2021-04-20 17:55:04,087 [Thread-8] INFO : Peer 1001 received the ‘have’ message from 1003 for the piece 33.
2021-04-20 17:55:04,142 [Thread-5] INFO : Peer 1001 received the ‘have’ message from 1002 for the piece 73.
2021-04-20 17:55:04,288 [Thread-8] INFO : Peer 1001 received the ‘have’ message from 1003 for the piece 250.
2021-04-20 17:55:04,342 [Thread-5] INFO : Peer 1001 received the ‘have’ message from 1002 for the piece 124.
2021-04-20 17:55:04,488 [Thread-8] INFO : Peer 1001 received the ‘have’ message from 1003 for the piece 244.
2021-04-20 17:55:04,543 [Thread-5] INFO : Peer 1001 received the ‘have’ message from 1002 for the piece 202.
2021-04-20 17:55:04,689 [Thread-8] INFO : Peer 1001 received the ‘have’ message from 1003 for the piece 214.
2021-04-20 17:55:04,744 [Thread-5] INFO : Peer 1001 received the ‘have’ message from 1002 for the piece 227.
2021-04-20 17:55:04,890 [Thread-8] INFO : Peer 1001 received the ‘have’ message from 1003 for the piece 43.
2021-04-20 17:55:04,945 [Thread-5] INFO : Peer 1001 received the ‘have’ message from 1002 for the piece 190.
2021-04-20 17:55:05,091 [Thread-8] INFO : Peer 1001 received the ‘have’ message from 1003 for the piece 81.
2021-04-20 17:55:05,146 [Thread-5] INFO : Peer 1001 received the ‘have’ message from 1002 for the piece 43.
2021-04-20 17:55:05,292 [Thread-8] INFO : Peer 1001 received the ‘have’ message from 1003 for the piece 107.
2021-04-20 17:55:05,347 [Thread-5] INFO : Peer 1001 received the ‘have’ message from 1002 for the piece 46.
2021-04-20 17:55:05,493 [Thread-8] INFO : Peer 1001 received the ‘have’ message from 1003 for the piece 208.
2021-04-20 17:55:05,548 [Thread-5] INFO : Peer 1001 received the ‘have’ message from 1002 for the piece 87.
2021-04-20 17:55:05,694 [Thread-8] INFO : Peer 1001 received the ‘have’ message from 1003 for the piece 209.
2021-04-20 17:55:05,748 [Thread-5] INFO : Peer 1001 received the ‘have’ message from 1002 for the piece 228.
2021-04-20 17:55:05,895 [Thread-8] INFO : Peer 1001 received the ‘have’ message from 1003 for the piece 237.
2021-04-20 17:55:05,949 [Thread-5] INFO : Peer 1001 received the ‘have’ message from 1002 for the piece 256.
2021-04-20 17:55:06,095 [Thread-8] INFO : Peer 1001 received the ‘have’ message from 1003 for the piece 167.
2021-04-20 17:55:06,150 [Thread-5] INFO : Peer 1001 received the ‘have’ message from 1002 for the piece 206.
2021-04-20 17:55:06,296 [Thread-8] INFO : Peer 1001 received the ‘have’ message from 1003 for the piece 173.
2021-04-20 17:55:06,351 [Thread-5] INFO : Peer 1001 received the ‘have’ message from 1002 for the piece 259.
2021-04-20 17:55:06,497 [Thread-8] INFO : Peer 1001 received the ‘have’ message from 1003 for the piece 186.
2021-04-20 17:55:06,552 [Thread-5] INFO : Peer 1001 received the ‘have’ message from 1002 for the piece 148.
2021-04-20 17:55:06,698 [Thread-8] INFO : Peer 1001 received the ‘have’ message from 1003 for the piece 106.
2021-04-20 17:55:06,753 [Thread-5] INFO : Peer 1001 received the ‘have’ message from 1002 for the piece 132.
2021-04-20 17:55:06,899 [Thread-8] INFO : Peer 1001 received the ‘have’ message from 1003 for the piece 71.
2021-04-20 17:55:06,953 [Thread-5] INFO : Peer 1001 received the ‘have’ message from 1002 for the piece 21.
2021-04-20 17:55:07,100 [Thread-8] INFO : Peer 1001 received the ‘have’ message from 1003 for the piece 148.
2021-04-20 17:55:07,154 [Thread-5] INFO : Peer 1001 received the ‘have’ message from 1002 for the piece 213.
2021-04-20 17:55:07,372 [Thread-8] INFO : Peer 1001 received the ‘have’ message from 1003 for the piece 190.
2021-04-20 17:55:07,372 [Thread-5] INFO : Peer 1001 received the ‘have’ message from 1002 for the piece 54.
2021-04-20 17:55:07,573 [Thread-8] INFO : Peer 1001 received the ‘have’ message from 1003 for the piece 165.
2021-04-20 17:55:07,573 [Thread-5] INFO : Peer 1001 received the ‘have’ message from 1002 for the piece 110.
2021-04-20 17:55:07,774 [Thread-8] INFO : Peer 1001 received the ‘have’ message from 1003 for the piece 143.
2021-04-20 17:55:07,774 [Thread-5] INFO : Peer 1001 received the ‘have’ message from 1002 for the piece 151.
2021-04-20 17:55:07,975 [Thread-5] INFO : Peer 1001 received the ‘have’ message from 1002 for the piece 67.
2021-04-20 17:55:07,975 [Thread-8] INFO : Peer 1001 received the ‘have’ message from 1003 for the piece 230.
2021-04-20 17:55:08,176 [Thread-8] INFO : Peer 1001 received the ‘have’ message from 1003 for the piece 229.
2021-04-20 17:55:08,176 [Thread-5] INFO : Peer 1001 received the ‘have’ message from 1002 for the piece 167.
2021-04-20 17:55:08,376 [Thread-8] INFO : Peer 1001 received the ‘have’ message from 1003 for the piece 248.
2021-04-20 17:55:08,376 [Thread-5] INFO : Peer 1001 received the ‘have’ message from 1002 for the piece 89.
2021-04-20 17:55:08,577 [Thread-8] INFO : Peer 1001 received the ‘have’ message from 1003 for the piece 210.
2021-04-20 17:55:08,577 [Thread-5] INFO : Peer 1001 received the ‘have’ message from 1002 for the piece 122.
2021-04-20 17:55:08,778 [Thread-8] INFO : Peer 1001 received the ‘have’ message from 1003 for the piece 215.
2021-04-20 17:55:08,778 [Thread-5] INFO : Peer 1001 received the ‘have’ message from 1002 for the piece 192.
2021-04-20 17:55:08,979 [Thread-8] INFO : Peer 1001 received the ‘have’ message from 1003 for the piece 27.
2021-04-20 17:55:08,979 [Thread-5] INFO : Peer 1001 received the ‘have’ message from 1002 for the piece 52.
2021-04-20 17:55:09,180 [Thread-5] INFO : Peer 1001 received the ‘have’ message from 1002 for the piece 32.
2021-04-20 17:55:09,180 [Thread-8] INFO : Peer 1001 received the ‘have’ message from 1003 for the piece 48.
2021-04-20 17:55:09,381 [Thread-5] INFO : Peer 1001 received the ‘have’ message from 1002 for the piece 248.
2021-04-20 17:55:09,383 [Thread-8] INFO : Peer 1001 received the ‘have’ message from 1003 for the piece 136.
2021-04-20 17:55:09,583 [Thread-5] INFO : Peer 1001 received the ‘have’ message from 1002 for the piece 88.
2021-04-20 17:55:09,584 [Thread-8] INFO : Peer 1001 received the ‘have’ message from 1003 for the piece 38.
2021-04-20 17:55:09,784 [Thread-5] INFO : Peer 1001 received the ‘have’ message from 1002 for the piece 181.
2021-04-20 17:55:09,785 [Thread-8] INFO : Peer 1001 received the ‘have’ message from 1003 for the piece 53.
2021-04-20 17:55:09,985 [Thread-5] INFO : Peer 1001 received the ‘have’ message from 1002 for the piece 189.
2021-04-20 17:55:09,985 [Thread-8] INFO : Peer 1001 received the ‘have’ message from 1003 for the piece 79.
2021-04-20 17:55:10,186 [Thread-5] INFO : Peer 1001 received the ‘have’ message from 1002 for the piece 133.
2021-04-20 17:55:10,186 [Thread-8] INFO : Peer 1001 received the ‘have’ message from 1003 for the piece 169.
2021-04-20 17:55:10,387 [Thread-5] INFO : Peer 1001 received the ‘have’ message from 1002 for the piece 63.
2021-04-20 17:55:10,387 [Thread-8] INFO : Peer 1001 received the ‘have’ message from 1003 for the piece 46.
2021-04-20 17:55:10,587 [Thread-5] INFO : Peer 1001 received the ‘have’ message from 1002 for the piece 262.
2021-04-20 17:55:10,587 [Thread-8] INFO : Peer 1001 received the ‘have’ message from 1003 for the piece 158.
2021-04-20 17:55:10,788 [Thread-8] INFO : Peer 1001 received the ‘have’ message from 1003 for the piece 184.
2021-04-20 17:55:10,789 [Thread-5] INFO : Peer 1002 as downloaded the complete file.
2021-04-20 17:55:10,791 [Thread-5] INFO : Peer 1001 received the ‘have’ message from 1002 for the piece 241.
2021-04-20 17:55:10,892 [Thread-5] INFO : Peer 1001 received the ‘not interested’message from 1002.
2021-04-20 17:55:10,989 [Thread-8] INFO : Peer 1001 received the ‘have’ message from 1003 for the piece 183.
2021-04-20 17:55:11,190 [Thread-8] INFO : Peer 1001 received the ‘have’ message from 1003 for the piece 13.
2021-04-20 17:55:11,391 [Thread-8] INFO : Peer 1001 received the ‘have’ message from 1003 for the piece 197.
2021-04-20 17:55:11,592 [Thread-8] INFO : Peer 1001 received the ‘have’ message from 1003 for the piece 132.
2021-04-20 17:55:11,792 [Thread-8] INFO : Peer 1001 received the ‘have’ message from 1003 for the piece 54.
2021-04-20 17:55:11,993 [Thread-8] INFO : Peer 1001 received the ‘have’ message from 1003 for the piece 17.
2021-04-20 17:55:12,194 [Thread-8] INFO : Peer 1001 received the ‘have’ message from 1003 for the piece 142.
2021-04-20 17:55:12,395 [Thread-8] INFO : Peer 1001 received the ‘have’ message from 1003 for the piece 109.
2021-04-20 17:55:12,595 [Thread-8] INFO : Peer 1001 received the ‘have’ message from 1003 for the piece 123.
2021-04-20 17:55:12,796 [Thread-8] INFO : Peer 1001 received the ‘have’ message from 1003 for the piece 18.
2021-04-20 17:55:12,997 [Thread-8] INFO : Peer 1001 received the ‘have’ message from 1003 for the piece 6.
2021-04-20 17:55:13,198 [Thread-8] INFO : Peer 1001 received the ‘have’ message from 1003 for the piece 37.
2021-04-20 17:55:13,399 [Thread-8] INFO : Peer 1001 received the ‘have’ message from 1003 for the piece 24.
2021-04-20 17:55:13,600 [Thread-8] INFO : Peer 1001 received the ‘have’ message from 1003 for the piece 75.
2021-04-20 17:55:13,801 [Thread-8] INFO : Peer 1001 received the ‘have’ message from 1003 for the piece 67.
2021-04-20 17:55:14,001 [Thread-8] INFO : Peer 1001 received the ‘have’ message from 1003 for the piece 62.
2021-04-20 17:55:14,202 [Thread-8] INFO : Peer 1001 received the ‘have’ message from 1003 for the piece 93.
2021-04-20 17:55:14,403 [Thread-8] INFO : Peer 1001 received the ‘have’ message from 1003 for the piece 102.
2021-04-20 17:55:14,604 [Thread-8] INFO : Peer 1001 received the ‘have’ message from 1003 for the piece 185.
2021-04-20 17:55:14,805 [Thread-8] INFO : Peer 1001 received the ‘have’ message from 1003 for the piece 59.
2021-04-20 17:55:15,006 [Thread-8] INFO : Peer 1001 received the ‘have’ message from 1003 for the piece 254.
2021-04-20 17:55:15,206 [Thread-8] INFO : Peer 1001 received the ‘have’ message from 1003 for the piece 206.
2021-04-20 17:55:15,407 [Thread-8] INFO : Peer 1001 received the ‘have’ message from 1003 for the piece 129.
2021-04-20 17:55:15,608 [Thread-8] INFO : Peer 1001 received the ‘have’ message from 1003 for the piece 162.
2021-04-20 17:55:15,809 [Thread-8] INFO : Peer 1003 as downloaded the complete file.
2021-04-20 17:55:15,810 [Thread-8] INFO : Peer 1001 received the ‘have’ message from 1003 for the piece 78.
2021-04-20 17:55:15,910 [Thread-8] INFO : Peer 1001 received the ‘not interested’message from 1003.
