2021-04-20 17:54:11,504 [main] INFO : Process Thread Started
2021-04-20 17:54:11,510 [main] INFO : Starting peer 1004
2021-04-20 17:54:11,517 [Thread-1] INFO : Initializing client
2021-04-20 17:54:11,521 [Thread-1] INFO : Peer 1004 makes a connection to Peer 1001.
2021-04-20 17:54:12,530 [Thread-1] INFO : Peer 1004 makes a connection to Peer 1002.
2021-04-20 17:54:12,759 [Thread-4] INFO : Peer 1004 is connected from Peer 1001.
2021-04-20 17:54:12,760 [Thread-5] INFO : Peer 1004 is connected from Peer 1002.
2021-04-20 17:54:12,922 [Thread-8] INFO : Peer 1004 is connected from Peer 1003.
2021-04-20 17:54:13,532 [Thread-1] INFO : Peer 1004 makes a connection to Peer 1003.
2021-04-20 17:54:21,632 [Thread-6] INFO : Peer 1004 received the ‘not interested’message from 1001.
2021-04-20 17:54:22,654 [Thread-7] INFO : Peer 1004 received the ‘not interested’message from 1002.
2021-04-20 17:54:22,764 [Thread-7] INFO : Peer 1004 received the ‘have’ message from 1002 for the piece 22.
2021-04-20 17:54:22,865 [Thread-7] INFO : Peer 1004 received the ‘have’ message from 1002 for the piece 55.
2021-04-20 17:54:22,949 [Thread-6] INFO : Peer 1004 is unchoked by 1001.
2021-04-20 17:54:23,017 [Thread-7] INFO : Peer 1004 received the ‘have’ message from 1002 for the piece 1.
2021-04-20 17:54:23,026 [Thread-9] INFO : Peer 1004 received the ‘not interested’message from 1003.
2021-04-20 17:54:23,069 [Thread-6] INFO : Peer 1004 has downloaded the piece 185 from 1001. Now the number of pieces it has is 1.
2021-04-20 17:54:23,127 [Thread-9] INFO : Peer 1004 received the ‘have’ message from 1003 for the piece 149.
2021-04-20 17:54:23,172 [Thread-6] INFO : Peer 1004 has downloaded the piece 244 from 1001. Now the number of pieces it has is 2.
2021-04-20 17:54:23,218 [Thread-7] INFO : Peer 1004 received the ‘have’ message from 1002 for the piece 144.
2021-04-20 17:54:23,228 [Thread-9] INFO : Peer 1004 received the ‘have’ message from 1003 for the piece 253.
2021-04-20 17:54:23,361 [Thread-6] INFO : Peer 1004 has downloaded the piece 116 from 1001. Now the number of pieces it has is 3.
2021-04-20 17:54:23,364 [Thread-9] INFO : Peer 1004 received the ‘have’ message from 1003 for the piece 15.
2021-04-20 17:54:23,421 [Thread-7] INFO : Peer 1004 received the ‘have’ message from 1002 for the piece 12.
2021-04-20 17:54:23,563 [Thread-6] INFO : Peer 1004 has downloaded the piece 0 from 1001. Now the number of pieces it has is 4.
2021-04-20 17:54:23,565 [Thread-9] INFO : Peer 1004 received the ‘have’ message from 1003 for the piece 20.
2021-04-20 17:54:23,623 [Thread-7] INFO : Peer 1004 received the ‘have’ message from 1002 for the piece 123.
2021-04-20 17:54:23,766 [Thread-6] INFO : Peer 1004 has downloaded the piece 26 from 1001. Now the number of pieces it has is 5.
2021-04-20 17:54:23,767 [Thread-9] INFO : Peer 1004 received the ‘have’ message from 1003 for the piece 146.
2021-04-20 17:54:23,823 [Thread-7] INFO : Peer 1004 received the ‘have’ message from 1002 for the piece 161.
2021-04-20 17:54:23,968 [Thread-6] INFO : Peer 1004 has downloaded the piece 170 from 1001. Now the number of pieces it has is 6.
2021-04-20 17:54:23,969 [Thread-9] INFO : Peer 1004 received the ‘have’ message from 1003 for the piece 86.
2021-04-20 17:54:24,024 [Thread-7] INFO : Peer 1004 received the ‘have’ message from 1002 for the piece 39.
2021-04-20 17:54:24,169 [Thread-9] INFO : Peer 1004 received the ‘have’ message from 1003 for the piece 256.
2021-04-20 17:54:24,170 [Thread-6] INFO : Peer 1004 has downloaded the piece 238 from 1001. Now the number of pieces it has is 7.
2021-04-20 17:54:24,225 [Thread-7] INFO : Peer 1004 received the ‘have’ message from 1002 for the piece 85.
2021-04-20 17:54:24,371 [Thread-9] INFO : Peer 1004 received the ‘have’ message from 1003 for the piece 135.
2021-04-20 17:54:24,372 [Thread-6] INFO : Peer 1004 has downloaded the piece 127 from 1001. Now the number of pieces it has is 8.
2021-04-20 17:54:24,427 [Thread-7] INFO : Peer 1004 received the ‘have’ message from 1002 for the piece 242.
2021-04-20 17:54:24,573 [Thread-9] INFO : Peer 1004 received the ‘have’ message from 1003 for the piece 74.
2021-04-20 17:54:24,612 [Thread-6] INFO : Peer 1004 has downloaded the piece 106 from 1001. Now the number of pieces it has is 9.
2021-04-20 17:54:24,629 [Thread-7] INFO : Peer 1004 received the ‘have’ message from 1002 for the piece 91.
2021-04-20 17:54:24,774 [Thread-6] INFO : Peer 1004 has downloaded the piece 194 from 1001. Now the number of pieces it has is 10.
2021-04-20 17:54:24,774 [Thread-9] INFO : Peer 1004 received the ‘have’ message from 1003 for the piece 90.
2021-04-20 17:54:24,831 [Thread-7] INFO : Peer 1004 received the ‘have’ message from 1002 for the piece 223.
2021-04-20 17:54:24,975 [Thread-9] INFO : Peer 1004 received the ‘have’ message from 1003 for the piece 174.
2021-04-20 17:54:24,976 [Thread-6] INFO : Peer 1004 has downloaded the piece 218 from 1001. Now the number of pieces it has is 11.
2021-04-20 17:54:25,032 [Thread-7] INFO : Peer 1004 received the ‘have’ message from 1002 for the piece 253.
2021-04-20 17:54:25,177 [Thread-9] INFO : Peer 1004 received the ‘have’ message from 1003 for the piece 68.
2021-04-20 17:54:25,178 [Thread-6] INFO : Peer 1004 has downloaded the piece 92 from 1001. Now the number of pieces it has is 12.
2021-04-20 17:54:25,276 [Thread-7] INFO : Peer 1004 received the ‘have’ message from 1002 for the piece 45.
2021-04-20 17:54:25,380 [Thread-6] INFO : Peer 1004 has downloaded the piece 75 from 1001. Now the number of pieces it has is 13.
2021-04-20 17:54:25,380 [Thread-9] INFO : Peer 1004 received the ‘have’ message from 1003 for the piece 164.
2021-04-20 17:54:25,480 [Thread-7] INFO : Peer 1004 received the ‘have’ message from 1002 for the piece 102.
2021-04-20 17:54:25,624 [Thread-9] INFO : Peer 1004 received the ‘have’ message from 1003 for the piece 203.
2021-04-20 17:54:25,625 [Thread-6] INFO : Peer 1004 has downloaded the piece 166 from 1001. Now the number of pieces it has is 14.
2021-04-20 17:54:25,680 [Thread-7] INFO : Peer 1004 received the ‘have’ message from 1002 for the piece 56.
2021-04-20 17:54:25,781 [Thread-7] INFO : Peer 1004 is unchoked by 1002.
2021-04-20 17:54:25,782 [Thread-6] INFO : Peer 1004 has downloaded the piece 36 from 1001. Now the number of pieces it has is 15.
2021-04-20 17:54:25,785 [Thread-9] INFO : Peer 1004 received the ‘have’ message from 1003 for the piece 100.
2021-04-20 17:54:25,884 [Thread-7] INFO : Peer 1004 received the ‘have’ message from 1002 for the piece 177.
2021-04-20 17:54:25,984 [Thread-6] INFO : Peer 1004 has downloaded the piece 15 from 1001. Now the number of pieces it has is 16.
2021-04-20 17:54:25,986 [Thread-9] INFO : Peer 1004 received the ‘have’ message from 1003 for the piece 172.
2021-04-20 17:54:25,988 [Thread-7] INFO : Peer 1004 has downloaded the piece 6 from 1002. Now the number of pieces it has is 17.
2021-04-20 17:54:26,088 [Thread-7] INFO : Peer 1004 received the ‘have’ message from 1002 for the piece 53.
2021-04-20 17:54:26,185 [Thread-6] INFO : Peer 1004 has downloaded the piece 11 from 1001. Now the number of pieces it has is 18.
2021-04-20 17:54:26,186 [Thread-9] INFO : Peer 1004 received the ‘have’ message from 1003 for the piece 99.
2021-04-20 17:54:26,190 [Thread-7] INFO : Peer 1004 has downloaded the piece 196 from 1002. Now the number of pieces it has is 19.
2021-04-20 17:54:26,291 [Thread-7] INFO : Peer 1004 received the ‘have’ message from 1002 for the piece 180.
2021-04-20 17:54:26,386 [Thread-9] INFO : Peer 1004 received the ‘have’ message from 1003 for the piece 105.
2021-04-20 17:54:26,484 [Thread-7] INFO : Peer 1004 received the ‘have’ message from 1002 for the piece 20.
2021-04-20 17:54:26,488 [Thread-6] INFO : Peer 1004 has downloaded the piece 28 from 1001. Now the number of pieces it has is 20.
2021-04-20 17:54:26,585 [Thread-7] INFO : Peer 1004 has downloaded the piece 32 from 1002. Now the number of pieces it has is 21.
2021-04-20 17:54:26,588 [Thread-9] INFO : Peer 1004 received the ‘have’ message from 1003 for the piece 127.
2021-04-20 17:54:26,686 [Thread-7] INFO : Peer 1004 received the ‘have’ message from 1002 for the piece 188.
2021-04-20 17:54:26,789 [Thread-6] INFO : Peer 1004 has downloaded the piece 60 from 1001. Now the number of pieces it has is 22.
2021-04-20 17:54:26,791 [Thread-7] INFO : Peer 1004 has downloaded the piece 44 from 1002. Now the number of pieces it has is 23.
2021-04-20 17:54:26,832 [Thread-9] INFO : Peer 1004 received the ‘have’ message from 1003 for the piece 147.
2021-04-20 17:54:26,892 [Thread-7] INFO : Peer 1004 received the ‘have’ message from 1002 for the piece 77.
2021-04-20 17:54:26,991 [Thread-9] INFO : Peer 1004 received the ‘have’ message from 1003 for the piece 133.
2021-04-20 17:54:27,048 [Thread-7] INFO : Peer 1004 received the ‘have’ message from 1002 for the piece 185.
2021-04-20 17:54:27,132 [Thread-6] INFO : Peer 1004 has downloaded the piece 14 from 1001. Now the number of pieces it has is 24.
2021-04-20 17:54:27,149 [Thread-7] INFO : Peer 1004 has downloaded the piece 50 from 1002. Now the number of pieces it has is 25.
2021-04-20 17:54:27,192 [Thread-9] INFO : Peer 1004 received the ‘have’ message from 1003 for the piece 163.
2021-04-20 17:54:27,250 [Thread-7] INFO : Peer 1004 received the ‘have’ message from 1002 for the piece 69.
2021-04-20 17:54:27,393 [Thread-6] INFO : Peer 1004 has downloaded the piece 236 from 1001. Now the number of pieces it has is 26.
2021-04-20 17:54:27,393 [Thread-9] INFO : Peer 1004 received the ‘have’ message from 1003 for the piece 257.
2021-04-20 17:54:27,395 [Thread-7] INFO : Peer 1004 has downloaded the piece 124 from 1002. Now the number of pieces it has is 27.
2021-04-20 17:54:27,496 [Thread-7] INFO : Peer 1004 received the ‘have’ message from 1002 for the piece 138.
2021-04-20 17:54:27,594 [Thread-9] INFO : Peer 1004 received the ‘have’ message from 1003 for the piece 119.
2021-04-20 17:54:27,651 [Thread-7] INFO : Peer 1004 received the ‘have’ message from 1002 for the piece 258.
2021-04-20 17:54:27,695 [Thread-6] INFO : Peer 1004 has downloaded the piece 230 from 1001. Now the number of pieces it has is 28.
2021-04-20 17:54:27,753 [Thread-7] INFO : Peer 1004 has downloaded the piece 97 from 1002. Now the number of pieces it has is 29.
2021-04-20 17:54:27,796 [Thread-9] INFO : Peer 1004 received the ‘have’ message from 1003 for the piece 116.
2021-04-20 17:54:27,854 [Thread-7] INFO : Peer 1004 received the ‘have’ message from 1002 for the piece 218.
2021-04-20 17:54:27,999 [Thread-9] INFO : Peer 1004 received the ‘have’ message from 1003 for the piece 178.
2021-04-20 17:54:27,999 [Thread-6] INFO : Peer 1004 has downloaded the piece 38 from 1001. Now the number of pieces it has is 30.
2021-04-20 17:54:28,000 [Thread-7] INFO : Peer 1004 has downloaded the piece 141 from 1002. Now the number of pieces it has is 31.
2021-04-20 17:54:28,100 [Thread-7] INFO : Peer 1004 received the ‘have’ message from 1002 for the piece 33.
2021-04-20 17:54:28,198 [Thread-9] INFO : Peer 1004 received the ‘have’ message from 1003 for the piece 137.
2021-04-20 17:54:28,255 [Thread-7] INFO : Peer 1004 received the ‘have’ message from 1002 for the piece 47.
2021-04-20 17:54:28,357 [Thread-7] INFO : Peer 1004 has downloaded the piece 16 from 1002. Now the number of pieces it has is 32.
2021-04-20 17:54:28,399 [Thread-9] INFO : Peer 1004 received the ‘have’ message from 1003 for the piece 103.
2021-04-20 17:54:28,457 [Thread-7] INFO : Peer 1004 received the ‘have’ message from 1002 for the piece 174.
2021-04-20 17:54:28,558 [Thread-7] INFO : Peer 1004 has downloaded the piece 250 from 1002. Now the number of pieces it has is 33.
2021-04-20 17:54:28,600 [Thread-9] INFO : Peer 1004 received the ‘have’ message from 1003 for the piece 131.
2021-04-20 17:54:28,659 [Thread-7] INFO : Peer 1004 received the ‘have’ message from 1002 for the piece 28.
2021-04-20 17:54:28,761 [Thread-7] INFO : Peer 1004 has downloaded the piece 66 from 1002. Now the number of pieces it has is 34.
2021-04-20 17:54:28,802 [Thread-9] INFO : Peer 1004 received the ‘have’ message from 1003 for the piece 222.
2021-04-20 17:54:28,862 [Thread-7] INFO : Peer 1004 received the ‘have’ message from 1002 for the piece 121.
2021-04-20 17:54:28,964 [Thread-7] INFO : Peer 1004 has downloaded the piece 172 from 1002. Now the number of pieces it has is 35.
2021-04-20 17:54:29,003 [Thread-9] INFO : Peer 1004 received the ‘have’ message from 1003 for the piece 193.
2021-04-20 17:54:29,064 [Thread-7] INFO : Peer 1004 received the ‘have’ message from 1002 for the piece 35.
2021-04-20 17:54:29,166 [Thread-7] INFO : Peer 1004 has downloaded the piece 251 from 1002. Now the number of pieces it has is 36.
2021-04-20 17:54:29,204 [Thread-9] INFO : Peer 1004 received the ‘have’ message from 1003 for the piece 36.
2021-04-20 17:54:29,267 [Thread-7] INFO : Peer 1004 received the ‘have’ message from 1002 for the piece 93.
2021-04-20 17:54:29,369 [Thread-7] INFO : Peer 1004 has downloaded the piece 126 from 1002. Now the number of pieces it has is 37.
2021-04-20 17:54:29,406 [Thread-9] INFO : Peer 1004 received the ‘have’ message from 1003 for the piece 2.
2021-04-20 17:54:29,470 [Thread-7] INFO : Peer 1004 received the ‘have’ message from 1002 for the piece 152.
2021-04-20 17:54:29,571 [Thread-7] INFO : Peer 1004 has downloaded the piece 187 from 1002. Now the number of pieces it has is 38.
2021-04-20 17:54:29,607 [Thread-9] INFO : Peer 1004 received the ‘have’ message from 1003 for the piece 52.
2021-04-20 17:54:29,672 [Thread-7] INFO : Peer 1004 received the ‘have’ message from 1002 for the piece 135.
2021-04-20 17:54:29,773 [Thread-7] INFO : Peer 1004 has downloaded the piece 74 from 1002. Now the number of pieces it has is 39.
2021-04-20 17:54:29,808 [Thread-9] INFO : Peer 1004 received the ‘have’ message from 1003 for the piece 261.
2021-04-20 17:54:29,874 [Thread-7] INFO : Peer 1004 received the ‘have’ message from 1002 for the piece 9.
2021-04-20 17:54:29,976 [Thread-7] INFO : Peer 1004 has downloaded the piece 90 from 1002. Now the number of pieces it has is 40.
2021-04-20 17:54:30,010 [Thread-9] INFO : Peer 1004 received the ‘have’ message from 1003 for the piece 104.
2021-04-20 17:54:30,076 [Thread-7] INFO : Peer 1004 received the ‘have’ message from 1002 for the piece 243.
2021-04-20 17:54:30,178 [Thread-7] INFO : Peer 1004 has downloaded the piece 99 from 1002. Now the number of pieces it has is 41.
2021-04-20 17:54:30,210 [Thread-9] INFO : Peer 1004 received the ‘have’ message from 1003 for the piece 176.
2021-04-20 17:54:30,279 [Thread-7] INFO : Peer 1004 received the ‘have’ message from 1002 for the piece 146.
2021-04-20 17:54:30,380 [Thread-7] INFO : Peer 1004 has downloaded the piece 82 from 1002. Now the number of pieces it has is 42.
2021-04-20 17:54:30,411 [Thread-9] INFO : Peer 1004 received the ‘have’ message from 1003 for the piece 29.
2021-04-20 17:54:30,481 [Thread-7] INFO : Peer 1004 received the ‘have’ message from 1002 for the piece 41.
2021-04-20 17:54:30,583 [Thread-7] INFO : Peer 1004 has downloaded the piece 49 from 1002. Now the number of pieces it has is 43.
2021-04-20 17:54:30,613 [Thread-9] INFO : Peer 1004 received the ‘have’ message from 1003 for the piece 252.
2021-04-20 17:54:30,683 [Thread-7] INFO : Peer 1004 received the ‘have’ message from 1002 for the piece 208.
2021-04-20 17:54:30,785 [Thread-7] INFO : Peer 1004 has downloaded the piece 101 from 1002. Now the number of pieces it has is 44.
2021-04-20 17:54:30,814 [Thread-9] INFO : Peer 1004 received the ‘have’ message from 1003 for the piece 76.
2021-04-20 17:54:30,886 [Thread-7] INFO : Peer 1004 received the ‘have’ message from 1002 for the piece 62.
2021-04-20 17:54:30,987 [Thread-7] INFO : Peer 1004 has downloaded the piece 216 from 1002. Now the number of pieces it has is 45.
2021-04-20 17:54:31,015 [Thread-9] INFO : Peer 1004 received the ‘have’ message from 1003 for the piece 10.
2021-04-20 17:54:31,088 [Thread-7] INFO : Peer 1004 received the ‘have’ message from 1002 for the piece 66.
2021-04-20 17:54:31,189 [Thread-7] INFO : Peer 1004 has downloaded the piece 182 from 1002. Now the number of pieces it has is 46.
2021-04-20 17:54:31,216 [Thread-9] INFO : Peer 1004 received the ‘have’ message from 1003 for the piece 180.
2021-04-20 17:54:31,290 [Thread-7] INFO : Peer 1004 received the ‘have’ message from 1002 for the piece 57.
2021-04-20 17:54:31,392 [Thread-7] INFO : Peer 1004 has downloaded the piece 159 from 1002. Now the number of pieces it has is 47.
2021-04-20 17:54:31,417 [Thread-9] INFO : Peer 1004 received the ‘have’ message from 1003 for the piece 80.
2021-04-20 17:54:31,493 [Thread-7] INFO : Peer 1004 received the ‘have’ message from 1002 for the piece 3.
2021-04-20 17:54:31,594 [Thread-7] INFO : Peer 1004 has downloaded the piece 169 from 1002. Now the number of pieces it has is 48.
2021-04-20 17:54:31,618 [Thread-9] INFO : Peer 1004 received the ‘have’ message from 1003 for the piece 187.
2021-04-20 17:54:31,695 [Thread-7] INFO : Peer 1004 received the ‘have’ message from 1002 for the piece 171.
2021-04-20 17:54:31,797 [Thread-7] INFO : Peer 1004 has downloaded the piece 42 from 1002. Now the number of pieces it has is 49.
2021-04-20 17:54:31,864 [Thread-9] INFO : Peer 1004 received the ‘have’ message from 1003 for the piece 92.
2021-04-20 17:54:31,898 [Thread-7] INFO : Peer 1004 received the ‘have’ message from 1002 for the piece 178.
2021-04-20 17:54:31,999 [Thread-7] INFO : Peer 1004 has downloaded the piece 40 from 1002. Now the number of pieces it has is 50.
2021-04-20 17:54:32,021 [Thread-9] INFO : Peer 1004 received the ‘have’ message from 1003 for the piece 108.
2021-04-20 17:54:32,100 [Thread-7] INFO : Peer 1004 received the ‘have’ message from 1002 for the piece 108.
2021-04-20 17:54:32,202 [Thread-7] INFO : Peer 1004 has downloaded the piece 215 from 1002. Now the number of pieces it has is 51.
2021-04-20 17:54:32,223 [Thread-9] INFO : Peer 1004 received the ‘have’ message from 1003 for the piece 95.
2021-04-20 17:54:32,302 [Thread-7] INFO : Peer 1004 received the ‘have’ message from 1002 for the piece 70.
2021-04-20 17:54:32,404 [Thread-7] INFO : Peer 1004 has downloaded the piece 162 from 1002. Now the number of pieces it has is 52.
2021-04-20 17:54:32,468 [Thread-9] INFO : Peer 1004 received the ‘have’ message from 1003 for the piece 44.
2021-04-20 17:54:32,505 [Thread-7] INFO : Peer 1004 received the ‘have’ message from 1002 for the piece 160.
2021-04-20 17:54:32,606 [Thread-7] INFO : Peer 1004 has downloaded the piece 151 from 1002. Now the number of pieces it has is 53.
2021-04-20 17:54:32,668 [Thread-9] INFO : Peer 1004 received the ‘have’ message from 1003 for the piece 83.
2021-04-20 17:54:32,707 [Thread-7] INFO : Peer 1004 received the ‘have’ message from 1002 for the piece 84.
2021-04-20 17:54:32,809 [Thread-7] INFO : Peer 1004 has downloaded the piece 4 from 1002. Now the number of pieces it has is 54.
2021-04-20 17:54:32,826 [Thread-9] INFO : Peer 1004 received the ‘have’ message from 1003 for the piece 144.
2021-04-20 17:54:32,910 [Thread-7] INFO : Peer 1004 received the ‘have’ message from 1002 for the piece 96.
2021-04-20 17:54:33,011 [Thread-7] INFO : Peer 1004 has downloaded the piece 190 from 1002. Now the number of pieces it has is 55.
2021-04-20 17:54:33,026 [Thread-9] INFO : Peer 1004 received the ‘have’ message from 1003 for the piece 0.
2021-04-20 17:54:33,112 [Thread-7] INFO : Peer 1004 received the ‘have’ message from 1002 for the piece 260.
2021-04-20 17:54:33,213 [Thread-7] INFO : Peer 1004 has downloaded the piece 72 from 1002. Now the number of pieces it has is 56.
2021-04-20 17:54:33,228 [Thread-9] INFO : Peer 1004 received the ‘have’ message from 1003 for the piece 249.
2021-04-20 17:54:33,314 [Thread-7] INFO : Peer 1004 received the ‘have’ message from 1002 for the piece 106.
2021-04-20 17:54:33,416 [Thread-7] INFO : Peer 1004 has downloaded the piece 83 from 1002. Now the number of pieces it has is 57.
2021-04-20 17:54:33,429 [Thread-9] INFO : Peer 1004 received the ‘have’ message from 1003 for the piece 217.
2021-04-20 17:54:33,517 [Thread-7] INFO : Peer 1004 received the ‘have’ message from 1002 for the piece 166.
2021-04-20 17:54:33,618 [Thread-7] INFO : Peer 1004 has downloaded the piece 48 from 1002. Now the number of pieces it has is 58.
2021-04-20 17:54:33,630 [Thread-9] INFO : Peer 1004 received the ‘have’ message from 1003 for the piece 220.
2021-04-20 17:54:33,719 [Thread-7] INFO : Peer 1004 received the ‘have’ message from 1002 for the piece 14.
2021-04-20 17:54:33,820 [Thread-7] INFO : Peer 1004 has downloaded the piece 5 from 1002. Now the number of pieces it has is 59.
2021-04-20 17:54:33,831 [Thread-9] INFO : Peer 1004 received the ‘have’ message from 1003 for the piece 198.
2021-04-20 17:54:33,921 [Thread-7] INFO : Peer 1004 received the ‘have’ message from 1002 for the piece 154.
2021-04-20 17:54:34,022 [Thread-7] INFO : Peer 1004 has downloaded the piece 258 from 1002. Now the number of pieces it has is 60.
2021-04-20 17:54:34,032 [Thread-9] INFO : Peer 1004 received the ‘have’ message from 1003 for the piece 124.
2021-04-20 17:54:34,123 [Thread-7] INFO : Peer 1004 received the ‘have’ message from 1002 for the piece 230.
2021-04-20 17:54:34,224 [Thread-7] INFO : Peer 1004 has downloaded the piece 260 from 1002. Now the number of pieces it has is 61.
2021-04-20 17:54:34,233 [Thread-9] INFO : Peer 1004 received the ‘have’ message from 1003 for the piece 243.
2021-04-20 17:54:34,325 [Thread-7] INFO : Peer 1004 received the ‘have’ message from 1002 for the piece 156.
2021-04-20 17:54:34,426 [Thread-7] INFO : Peer 1004 has downloaded the piece 63 from 1002. Now the number of pieces it has is 62.
2021-04-20 17:54:34,434 [Thread-9] INFO : Peer 1004 received the ‘have’ message from 1003 for the piece 245.
2021-04-20 17:54:34,527 [Thread-7] INFO : Peer 1004 received the ‘have’ message from 1002 for the piece 236.
2021-04-20 17:54:34,628 [Thread-7] INFO : Peer 1004 has downloaded the piece 27 from 1002. Now the number of pieces it has is 63.
2021-04-20 17:54:34,635 [Thread-9] INFO : Peer 1004 received the ‘have’ message from 1003 for the piece 12.
2021-04-20 17:54:34,729 [Thread-7] INFO : Peer 1004 received the ‘have’ message from 1002 for the piece 105.
2021-04-20 17:54:34,830 [Thread-7] INFO : Peer 1004 has downloaded the piece 197 from 1002. Now the number of pieces it has is 64.
2021-04-20 17:54:34,836 [Thread-9] INFO : Peer 1004 received the ‘have’ message from 1003 for the piece 58.
2021-04-20 17:54:34,930 [Thread-7] INFO : Peer 1004 received the ‘have’ message from 1002 for the piece 194.
2021-04-20 17:54:35,032 [Thread-7] INFO : Peer 1004 has downloaded the piece 247 from 1002. Now the number of pieces it has is 65.
2021-04-20 17:54:35,037 [Thread-9] INFO : Peer 1004 received the ‘have’ message from 1003 for the piece 177.
2021-04-20 17:54:35,133 [Thread-7] INFO : Peer 1004 received the ‘have’ message from 1002 for the piece 94.
2021-04-20 17:54:35,234 [Thread-7] INFO : Peer 1004 has downloaded the piece 17 from 1002. Now the number of pieces it has is 66.
2021-04-20 17:54:35,238 [Thread-9] INFO : Peer 1004 received the ‘have’ message from 1003 for the piece 30.
2021-04-20 17:54:35,334 [Thread-7] INFO : Peer 1004 received the ‘have’ message from 1002 for the piece 97.
2021-04-20 17:54:35,436 [Thread-7] INFO : Peer 1004 has downloaded the piece 179 from 1002. Now the number of pieces it has is 67.
2021-04-20 17:54:35,439 [Thread-9] INFO : Peer 1004 received the ‘have’ message from 1003 for the piece 154.
2021-04-20 17:54:35,537 [Thread-7] INFO : Peer 1004 received the ‘have’ message from 1002 for the piece 179.
2021-04-20 17:54:35,638 [Thread-7] INFO : Peer 1004 has downloaded the piece 128 from 1002. Now the number of pieces it has is 68.
2021-04-20 17:54:35,640 [Thread-9] INFO : Peer 1004 received the ‘have’ message from 1003 for the piece 218.
2021-04-20 17:54:35,739 [Thread-7] INFO : Peer 1004 received the ‘have’ message from 1002 for the piece 68.
2021-04-20 17:54:35,840 [Thread-7] INFO : Peer 1004 has downloaded the piece 221 from 1002. Now the number of pieces it has is 69.
2021-04-20 17:54:35,841 [Thread-9] INFO : Peer 1004 received the ‘have’ message from 1003 for the piece 175.
2021-04-20 17:54:35,940 [Thread-7] INFO : Peer 1004 received the ‘have’ message from 1002 for the piece 219.
2021-04-20 17:54:36,041 [Thread-7] INFO : Peer 1004 has downloaded the piece 217 from 1002. Now the number of pieces it has is 70.
2021-04-20 17:54:36,043 [Thread-9] INFO : Peer 1004 received the ‘have’ message from 1003 for the piece 70.
2021-04-20 17:54:36,142 [Thread-7] INFO : Peer 1004 received the ‘have’ message from 1002 for the piece 42.
2021-04-20 17:54:36,244 [Thread-9] INFO : Peer 1004 received the ‘have’ message from 1003 for the piece 73.
2021-04-20 17:54:36,243 [Thread-7] INFO : Peer 1004 has downloaded the piece 252 from 1002. Now the number of pieces it has is 71.
2021-04-20 17:54:36,344 [Thread-7] INFO : Peer 1004 received the ‘have’ message from 1002 for the piece 17.
2021-04-20 17:54:36,445 [Thread-9] INFO : Peer 1004 received the ‘have’ message from 1003 for the piece 212.
2021-04-20 17:54:36,446 [Thread-7] INFO : Peer 1004 has downloaded the piece 155 from 1002. Now the number of pieces it has is 72.
2021-04-20 17:54:36,546 [Thread-7] INFO : Peer 1004 received the ‘have’ message from 1002 for the piece 37.
2021-04-20 17:54:36,646 [Thread-9] INFO : Peer 1004 received the ‘have’ message from 1003 for the piece 189.
2021-04-20 17:54:36,647 [Thread-7] INFO : Peer 1004 has downloaded the piece 161 from 1002. Now the number of pieces it has is 73.
2021-04-20 17:54:36,748 [Thread-7] INFO : Peer 1004 received the ‘have’ message from 1002 for the piece 176.
2021-04-20 17:54:36,847 [Thread-9] INFO : Peer 1004 received the ‘have’ message from 1003 for the piece 232.
2021-04-20 17:54:36,849 [Thread-7] INFO : Peer 1004 has downloaded the piece 103 from 1002. Now the number of pieces it has is 74.
2021-04-20 17:54:36,950 [Thread-7] INFO : Peer 1004 received the ‘have’ message from 1002 for the piece 199.
2021-04-20 17:54:37,049 [Thread-9] INFO : Peer 1004 received the ‘have’ message from 1003 for the piece 223.
2021-04-20 17:54:37,051 [Thread-7] INFO : Peer 1004 has downloaded the piece 45 from 1002. Now the number of pieces it has is 75.
2021-04-20 17:54:37,152 [Thread-7] INFO : Peer 1004 received the ‘have’ message from 1002 for the piece 137.
2021-04-20 17:54:37,250 [Thread-9] INFO : Peer 1004 received the ‘have’ message from 1003 for the piece 85.
2021-04-20 17:54:37,253 [Thread-7] INFO : Peer 1004 has downloaded the piece 150 from 1002. Now the number of pieces it has is 76.
2021-04-20 17:54:37,354 [Thread-7] INFO : Peer 1004 received the ‘have’ message from 1002 for the piece 204.
2021-04-20 17:54:37,451 [Thread-9] INFO : Peer 1004 received the ‘have’ message from 1003 for the piece 84.
2021-04-20 17:54:37,455 [Thread-7] INFO : Peer 1004 has downloaded the piece 57 from 1002. Now the number of pieces it has is 77.
2021-04-20 17:54:37,556 [Thread-7] INFO : Peer 1004 received the ‘have’ message from 1002 for the piece 209.
2021-04-20 17:54:37,652 [Thread-9] INFO : Peer 1004 received the ‘have’ message from 1003 for the piece 251.
2021-04-20 17:54:37,657 [Thread-7] INFO : Peer 1004 has downloaded the piece 142 from 1002. Now the number of pieces it has is 78.
2021-04-20 17:54:37,758 [Thread-7] INFO : Peer 1004 received the ‘have’ message from 1002 for the piece 229.
2021-04-20 17:54:37,853 [Thread-9] INFO : Peer 1004 received the ‘have’ message from 1003 for the piece 181.
2021-04-20 17:54:37,859 [Thread-7] INFO : Peer 1004 has downloaded the piece 62 from 1002. Now the number of pieces it has is 79.
2021-04-20 17:54:37,960 [Thread-7] INFO : Peer 1004 received the ‘have’ message from 1002 for the piece 235.
2021-04-20 17:54:38,055 [Thread-9] INFO : Peer 1004 received the ‘have’ message from 1003 for the piece 260.
2021-04-20 17:54:38,061 [Thread-7] INFO : Peer 1004 has downloaded the piece 130 from 1002. Now the number of pieces it has is 80.
2021-04-20 17:54:38,162 [Thread-7] INFO : Peer 1004 received the ‘have’ message from 1002 for the piece 155.
2021-04-20 17:54:38,256 [Thread-9] INFO : Peer 1004 received the ‘have’ message from 1003 for the piece 138.
2021-04-20 17:54:38,263 [Thread-7] INFO : Peer 1004 has downloaded the piece 245 from 1002. Now the number of pieces it has is 81.
2021-04-20 17:54:38,364 [Thread-7] INFO : Peer 1004 received the ‘have’ message from 1002 for the piece 75.
2021-04-20 17:54:38,457 [Thread-9] INFO : Peer 1004 received the ‘have’ message from 1003 for the piece 170.
2021-04-20 17:54:38,465 [Thread-7] INFO : Peer 1004 has downloaded the piece 203 from 1002. Now the number of pieces it has is 82.
2021-04-20 17:54:38,565 [Thread-7] INFO : Peer 1004 received the ‘have’ message from 1002 for the piece 107.
2021-04-20 17:54:38,658 [Thread-9] INFO : Peer 1004 received the ‘have’ message from 1003 for the piece 153.
2021-04-20 17:54:38,667 [Thread-7] INFO : Peer 1004 has downloaded the piece 226 from 1002. Now the number of pieces it has is 83.
2021-04-20 17:54:38,768 [Thread-7] INFO : Peer 1004 received the ‘have’ message from 1002 for the piece 92.
2021-04-20 17:54:38,859 [Thread-9] INFO : Peer 1004 received the ‘have’ message from 1003 for the piece 168.
2021-04-20 17:54:38,869 [Thread-7] INFO : Peer 1004 has downloaded the piece 225 from 1002. Now the number of pieces it has is 84.
2021-04-20 17:54:38,970 [Thread-7] INFO : Peer 1004 received the ‘have’ message from 1002 for the piece 184.
2021-04-20 17:54:39,071 [Thread-7] INFO : Peer 1004 has downloaded the piece 65 from 1002. Now the number of pieces it has is 85.
2021-04-20 17:54:39,104 [Thread-9] INFO : Peer 1004 received the ‘have’ message from 1003 for the piece 126.
2021-04-20 17:54:39,171 [Thread-7] INFO : Peer 1004 received the ‘have’ message from 1002 for the piece 215.
2021-04-20 17:54:39,261 [Thread-9] INFO : Peer 1004 received the ‘have’ message from 1003 for the piece 14.
2021-04-20 17:54:39,272 [Thread-7] INFO : Peer 1004 has downloaded the piece 220 from 1002. Now the number of pieces it has is 86.
2021-04-20 17:54:39,373 [Thread-7] INFO : Peer 1004 received the ‘have’ message from 1002 for the piece 7.
2021-04-20 17:54:39,462 [Thread-9] INFO : Peer 1004 received the ‘have’ message from 1003 for the piece 134.
2021-04-20 17:54:39,474 [Thread-7] INFO : Peer 1004 has downloaded the piece 107 from 1002. Now the number of pieces it has is 87.
2021-04-20 17:54:39,575 [Thread-7] INFO : Peer 1004 received the ‘have’ message from 1002 for the piece 134.
2021-04-20 17:54:39,663 [Thread-9] INFO : Peer 1004 received the ‘have’ message from 1003 for the piece 25.
2021-04-20 17:54:39,677 [Thread-7] INFO : Peer 1004 has downloaded the piece 254 from 1002. Now the number of pieces it has is 88.
2021-04-20 17:54:39,777 [Thread-7] INFO : Peer 1004 received the ‘have’ message from 1002 for the piece 214.
2021-04-20 17:54:39,864 [Thread-9] INFO : Peer 1004 received the ‘have’ message from 1003 for the piece 115.
2021-04-20 17:54:39,879 [Thread-7] INFO : Peer 1004 has downloaded the piece 183 from 1002. Now the number of pieces it has is 89.
2021-04-20 17:54:39,979 [Thread-7] INFO : Peer 1004 received the ‘have’ message from 1002 for the piece 261.
2021-04-20 17:54:40,066 [Thread-9] INFO : Peer 1004 received the ‘have’ message from 1003 for the piece 228.
2021-04-20 17:54:40,080 [Thread-7] INFO : Peer 1004 has downloaded the piece 157 from 1002. Now the number of pieces it has is 90.
2021-04-20 17:54:40,181 [Thread-7] INFO : Peer 1004 received the ‘have’ message from 1002 for the piece 65.
2021-04-20 17:54:40,266 [Thread-9] INFO : Peer 1004 received the ‘have’ message from 1003 for the piece 8.
2021-04-20 17:54:40,282 [Thread-7] INFO : Peer 1004 has downloaded the piece 180 from 1002. Now the number of pieces it has is 91.
2021-04-20 17:54:40,382 [Thread-7] INFO : Peer 1004 received the ‘have’ message from 1002 for the piece 205.
2021-04-20 17:54:40,467 [Thread-9] INFO : Peer 1004 received the ‘have’ message from 1003 for the piece 110.
2021-04-20 17:54:40,483 [Thread-7] INFO : Peer 1004 has downloaded the piece 208 from 1002. Now the number of pieces it has is 92.
2021-04-20 17:54:40,583 [Thread-7] INFO : Peer 1004 received the ‘have’ message from 1002 for the piece 112.
2021-04-20 17:54:40,668 [Thread-9] INFO : Peer 1004 received the ‘have’ message from 1003 for the piece 255.
2021-04-20 17:54:40,685 [Thread-7] INFO : Peer 1004 has downloaded the piece 9 from 1002. Now the number of pieces it has is 93.
2021-04-20 17:54:40,786 [Thread-7] INFO : Peer 1004 received the ‘have’ message from 1002 for the piece 159.
2021-04-20 17:54:40,869 [Thread-9] INFO : Peer 1004 received the ‘have’ message from 1003 for the piece 72.
2021-04-20 17:54:40,887 [Thread-7] INFO : Peer 1004 has downloaded the piece 156 from 1002. Now the number of pieces it has is 94.
2021-04-20 17:54:40,988 [Thread-7] INFO : Peer 1004 received the ‘have’ message from 1002 for the piece 183.
2021-04-20 17:54:41,070 [Thread-9] INFO : Peer 1004 received the ‘have’ message from 1003 for the piece 94.
2021-04-20 17:54:41,089 [Thread-7] INFO : Peer 1004 has downloaded the piece 129 from 1002. Now the number of pieces it has is 95.
2021-04-20 17:54:41,189 [Thread-7] INFO : Peer 1004 received the ‘have’ message from 1002 for the piece 40.
2021-04-20 17:54:41,271 [Thread-9] INFO : Peer 1004 received the ‘have’ message from 1003 for the piece 101.
2021-04-20 17:54:41,290 [Thread-7] INFO : Peer 1004 has downloaded the piece 91 from 1002. Now the number of pieces it has is 96.
2021-04-20 17:54:41,391 [Thread-7] INFO : Peer 1004 received the ‘have’ message from 1002 for the piece 26.
2021-04-20 17:54:41,472 [Thread-9] INFO : Peer 1004 received the ‘have’ message from 1003 for the piece 199.
2021-04-20 17:54:41,492 [Thread-7] INFO : Peer 1004 has downloaded the piece 181 from 1002. Now the number of pieces it has is 97.
2021-04-20 17:54:41,593 [Thread-7] INFO : Peer 1004 received the ‘have’ message from 1002 for the piece 19.
2021-04-20 17:54:41,673 [Thread-9] INFO : Peer 1004 received the ‘have’ message from 1003 for the piece 227.
2021-04-20 17:54:41,694 [Thread-7] INFO : Peer 1004 has downloaded the piece 214 from 1002. Now the number of pieces it has is 98.
2021-04-20 17:54:41,795 [Thread-7] INFO : Peer 1004 received the ‘have’ message from 1002 for the piece 169.
2021-04-20 17:54:41,875 [Thread-9] INFO : Peer 1004 received the ‘have’ message from 1003 for the piece 98.
2021-04-20 17:54:41,896 [Thread-7] INFO : Peer 1004 has downloaded the piece 29 from 1002. Now the number of pieces it has is 99.
2021-04-20 17:54:41,997 [Thread-7] INFO : Peer 1004 received the ‘have’ message from 1002 for the piece 50.
2021-04-20 17:54:42,076 [Thread-9] INFO : Peer 1004 received the ‘have’ message from 1003 for the piece 179.
2021-04-20 17:54:42,098 [Thread-7] INFO : Peer 1004 has downloaded the piece 192 from 1002. Now the number of pieces it has is 100.
2021-04-20 17:54:42,199 [Thread-7] INFO : Peer 1004 received the ‘have’ message from 1002 for the piece 119.
2021-04-20 17:54:42,277 [Thread-9] INFO : Peer 1004 received the ‘have’ message from 1003 for the piece 188.
2021-04-20 17:54:42,300 [Thread-7] INFO : Peer 1004 has downloaded the piece 202 from 1002. Now the number of pieces it has is 101.
2021-04-20 17:54:42,401 [Thread-7] INFO : Peer 1004 received the ‘have’ message from 1002 for the piece 207.
2021-04-20 17:54:42,478 [Thread-9] INFO : Peer 1004 received the ‘have’ message from 1003 for the piece 47.
2021-04-20 17:54:42,502 [Thread-7] INFO : Peer 1004 has downloaded the piece 110 from 1002. Now the number of pieces it has is 102.
2021-04-20 17:54:42,603 [Thread-7] INFO : Peer 1004 received the ‘have’ message from 1002 for the piece 23.
2021-04-20 17:54:42,679 [Thread-9] INFO : Peer 1004 received the ‘have’ message from 1003 for the piece 11.
2021-04-20 17:54:42,704 [Thread-7] INFO : Peer 1004 has downloaded the piece 149 from 1002. Now the number of pieces it has is 103.
2021-04-20 17:54:42,805 [Thread-7] INFO : Peer 1004 received the ‘have’ message from 1002 for the piece 141.
2021-04-20 17:54:42,881 [Thread-9] INFO : Peer 1004 received the ‘have’ message from 1003 for the piece 166.
2021-04-20 17:54:42,906 [Thread-7] INFO : Peer 1004 has downloaded the piece 20 from 1002. Now the number of pieces it has is 104.
2021-04-20 17:54:43,007 [Thread-7] INFO : Peer 1004 received the ‘have’ message from 1002 for the piece 76.
2021-04-20 17:54:43,082 [Thread-9] INFO : Peer 1004 received the ‘have’ message from 1003 for the piece 139.
2021-04-20 17:54:43,108 [Thread-7] INFO : Peer 1004 has downloaded the piece 191 from 1002. Now the number of pieces it has is 105.
2021-04-20 17:54:43,209 [Thread-7] INFO : Peer 1004 received the ‘have’ message from 1002 for the piece 168.
2021-04-20 17:54:43,283 [Thread-9] INFO : Peer 1004 received the ‘have’ message from 1003 for the piece 201.
2021-04-20 17:54:43,310 [Thread-7] INFO : Peer 1004 has downloaded the piece 19 from 1002. Now the number of pieces it has is 106.
2021-04-20 17:54:43,411 [Thread-7] INFO : Peer 1004 received the ‘have’ message from 1002 for the piece 125.
2021-04-20 17:54:43,484 [Thread-9] INFO : Peer 1004 received the ‘have’ message from 1003 for the piece 213.
2021-04-20 17:54:43,512 [Thread-7] INFO : Peer 1004 has downloaded the piece 174 from 1002. Now the number of pieces it has is 107.
2021-04-20 17:54:43,612 [Thread-7] INFO : Peer 1004 received the ‘have’ message from 1002 for the piece 231.
2021-04-20 17:54:43,685 [Thread-9] INFO : Peer 1004 received the ‘have’ message from 1003 for the piece 259.
2021-04-20 17:54:43,714 [Thread-7] INFO : Peer 1004 has downloaded the piece 69 from 1002. Now the number of pieces it has is 108.
2021-04-20 17:54:43,814 [Thread-7] INFO : Peer 1004 received the ‘have’ message from 1002 for the piece 140.
2021-04-20 17:54:43,887 [Thread-9] INFO : Peer 1004 received the ‘have’ message from 1003 for the piece 19.
2021-04-20 17:54:43,916 [Thread-7] INFO : Peer 1004 has downloaded the piece 175 from 1002. Now the number of pieces it has is 109.
2021-04-20 17:54:44,016 [Thread-7] INFO : Peer 1004 received the ‘have’ message from 1002 for the piece 164.
2021-04-20 17:54:44,087 [Thread-9] INFO : Peer 1004 received the ‘have’ message from 1003 for the piece 57.
2021-04-20 17:54:44,118 [Thread-7] INFO : Peer 1004 has downloaded the piece 235 from 1002. Now the number of pieces it has is 110.
2021-04-20 17:54:44,218 [Thread-7] INFO : Peer 1004 received the ‘have’ message from 1002 for the piece 165.
2021-04-20 17:54:44,288 [Thread-9] INFO : Peer 1004 received the ‘have’ message from 1003 for the piece 159.
2021-04-20 17:54:44,319 [Thread-7] INFO : Peer 1004 has downloaded the piece 22 from 1002. Now the number of pieces it has is 111.
2021-04-20 17:54:44,420 [Thread-7] INFO : Peer 1004 received the ‘have’ message from 1002 for the piece 31.
2021-04-20 17:54:44,521 [Thread-7] INFO : Peer 1004 has downloaded the piece 257 from 1002. Now the number of pieces it has is 112.
2021-04-20 17:54:44,532 [Thread-9] INFO : Peer 1004 received the ‘have’ message from 1003 for the piece 122.
2021-04-20 17:54:44,622 [Thread-7] INFO : Peer 1004 received the ‘have’ message from 1002 for the piece 10.
2021-04-20 17:54:44,723 [Thread-7] INFO : Peer 1004 has downloaded the piece 46 from 1002. Now the number of pieces it has is 113.
2021-04-20 17:54:44,732 [Thread-9] INFO : Peer 1004 received the ‘have’ message from 1003 for the piece 221.
2021-04-20 17:54:44,824 [Thread-7] INFO : Peer 1004 received the ‘have’ message from 1002 for the piece 95.
2021-04-20 17:54:44,892 [Thread-9] INFO : Peer 1004 received the ‘have’ message from 1003 for the piece 31.
2021-04-20 17:54:44,925 [Thread-7] INFO : Peer 1004 has downloaded the piece 122 from 1002. Now the number of pieces it has is 114.
2021-04-20 17:54:45,025 [Thread-7] INFO : Peer 1004 received the ‘have’ message from 1002 for the piece 173.
2021-04-20 17:54:45,126 [Thread-7] INFO : Peer 1004 has downloaded the piece 47 from 1002. Now the number of pieces it has is 115.
2021-04-20 17:54:45,136 [Thread-9] INFO : Peer 1004 received the ‘have’ message from 1003 for the piece 224.
2021-04-20 17:54:45,227 [Thread-7] INFO : Peer 1004 received the ‘have’ message from 1002 for the piece 36.
2021-04-20 17:54:45,328 [Thread-7] INFO : Peer 1004 has downloaded the piece 109 from 1002. Now the number of pieces it has is 116.
2021-04-20 17:54:45,336 [Thread-9] INFO : Peer 1004 received the ‘have’ message from 1003 for the piece 82.
2021-04-20 17:54:45,429 [Thread-7] INFO : Peer 1004 received the ‘have’ message from 1002 for the piece 6.
2021-04-20 17:54:45,495 [Thread-9] INFO : Peer 1004 received the ‘have’ message from 1003 for the piece 66.
2021-04-20 17:54:45,530 [Thread-7] INFO : Peer 1004 has downloaded the piece 167 from 1002. Now the number of pieces it has is 117.
2021-04-20 17:54:45,631 [Thread-7] INFO : Peer 1004 received the ‘have’ message from 1002 for the piece 59.
2021-04-20 17:54:45,697 [Thread-9] INFO : Peer 1004 received the ‘have’ message from 1003 for the piece 87.
2021-04-20 17:54:45,732 [Thread-7] INFO : Peer 1004 has downloaded the piece 13 from 1002. Now the number of pieces it has is 118.
2021-04-20 17:54:45,832 [Thread-7] INFO : Peer 1004 received the ‘have’ message from 1002 for the piece 210.
2021-04-20 17:54:45,897 [Thread-9] INFO : Peer 1004 received the ‘have’ message from 1003 for the piece 200.
2021-04-20 17:54:45,933 [Thread-7] INFO : Peer 1004 has downloaded the piece 112 from 1002. Now the number of pieces it has is 119.
2021-04-20 17:54:46,034 [Thread-7] INFO : Peer 1004 received the ‘have’ message from 1002 for the piece 175.
2021-04-20 17:54:46,098 [Thread-9] INFO : Peer 1004 received the ‘have’ message from 1003 for the piece 195.
2021-04-20 17:54:46,135 [Thread-7] INFO : Peer 1004 has downloaded the piece 119 from 1002. Now the number of pieces it has is 120.
2021-04-20 17:54:46,236 [Thread-7] INFO : Peer 1004 received the ‘have’ message from 1002 for the piece 170.
2021-04-20 17:54:46,299 [Thread-9] INFO : Peer 1004 received the ‘have’ message from 1003 for the piece 55.
2021-04-20 17:54:46,337 [Thread-7] INFO : Peer 1004 has downloaded the piece 176 from 1002. Now the number of pieces it has is 121.
2021-04-20 17:54:46,437 [Thread-7] INFO : Peer 1004 received the ‘have’ message from 1002 for the piece 222.
2021-04-20 17:54:46,538 [Thread-7] INFO : Peer 1004 has downloaded the piece 34 from 1002. Now the number of pieces it has is 122.
2021-04-20 17:54:46,544 [Thread-9] INFO : Peer 1004 received the ‘have’ message from 1003 for the piece 152.
2021-04-20 17:54:46,639 [Thread-7] INFO : Peer 1004 received the ‘have’ message from 1002 for the piece 104.
2021-04-20 17:54:46,702 [Thread-9] INFO : Peer 1004 received the ‘have’ message from 1003 for the piece 63.
2021-04-20 17:54:46,740 [Thread-7] INFO : Peer 1004 has downloaded the piece 102 from 1002. Now the number of pieces it has is 123.
2021-04-20 17:54:46,841 [Thread-7] INFO : Peer 1004 received the ‘have’ message from 1002 for the piece 200.
2021-04-20 17:54:46,903 [Thread-9] INFO : Peer 1004 received the ‘have’ message from 1003 for the piece 61.
2021-04-20 17:54:46,942 [Thread-7] INFO : Peer 1004 has downloaded the piece 111 from 1002. Now the number of pieces it has is 124.
2021-04-20 17:54:47,043 [Thread-7] INFO : Peer 1004 received the ‘have’ message from 1002 for the piece 127.
2021-04-20 17:54:47,104 [Thread-9] INFO : Peer 1004 received the ‘have’ message from 1003 for the piece 69.
2021-04-20 17:54:47,144 [Thread-7] INFO : Peer 1004 has downloaded the piece 89 from 1002. Now the number of pieces it has is 125.
2021-04-20 17:54:47,245 [Thread-7] INFO : Peer 1004 received the ‘have’ message from 1002 for the piece 78.
2021-04-20 17:54:47,306 [Thread-9] INFO : Peer 1004 received the ‘have’ message from 1003 for the piece 21.
2021-04-20 17:54:47,346 [Thread-7] INFO : Peer 1004 has downloaded the piece 108 from 1002. Now the number of pieces it has is 126.
2021-04-20 17:54:47,447 [Thread-7] INFO : Peer 1004 received the ‘have’ message from 1002 for the piece 117.
2021-04-20 17:54:47,507 [Thread-9] INFO : Peer 1004 received the ‘have’ message from 1003 for the piece 51.
2021-04-20 17:54:47,548 [Thread-7] INFO : Peer 1004 has downloaded the piece 173 from 1002. Now the number of pieces it has is 127.
2021-04-20 17:54:47,648 [Thread-7] INFO : Peer 1004 received the ‘have’ message from 1002 for the piece 27.
2021-04-20 17:54:47,708 [Thread-9] INFO : Peer 1004 received the ‘have’ message from 1003 for the piece 262.
2021-04-20 17:54:47,749 [Thread-7] INFO : Peer 1004 has downloaded the piece 209 from 1002. Now the number of pieces it has is 128.
2021-04-20 17:54:47,850 [Thread-7] INFO : Peer 1004 received the ‘have’ message from 1002 for the piece 113.
2021-04-20 17:54:47,908 [Thread-9] INFO : Peer 1004 received the ‘have’ message from 1003 for the piece 23.
2021-04-20 17:54:47,951 [Thread-7] INFO : Peer 1004 has downloaded the piece 70 from 1002. Now the number of pieces it has is 129.
2021-04-20 17:54:48,051 [Thread-7] INFO : Peer 1004 received the ‘have’ message from 1002 for the piece 2.
2021-04-20 17:54:48,109 [Thread-9] INFO : Peer 1004 received the ‘have’ message from 1003 for the piece 161.
2021-04-20 17:54:48,152 [Thread-7] INFO : Peer 1004 has downloaded the piece 35 from 1002. Now the number of pieces it has is 130.
2021-04-20 17:54:48,253 [Thread-7] INFO : Peer 1004 received the ‘have’ message from 1002 for the piece 212.
2021-04-20 17:54:48,311 [Thread-9] INFO : Peer 1004 received the ‘have’ message from 1003 for the piece 205.
2021-04-20 17:54:48,354 [Thread-7] INFO : Peer 1004 has downloaded the piece 138 from 1002. Now the number of pieces it has is 131.
2021-04-20 17:54:48,454 [Thread-7] INFO : Peer 1004 received the ‘have’ message from 1002 for the piece 60.
2021-04-20 17:54:48,512 [Thread-9] INFO : Peer 1004 received the ‘have’ message from 1003 for the piece 235.
2021-04-20 17:54:48,555 [Thread-7] INFO : Peer 1004 has downloaded the piece 224 from 1002. Now the number of pieces it has is 132.
2021-04-20 17:54:48,655 [Thread-7] INFO : Peer 1004 received the ‘have’ message from 1002 for the piece 158.
2021-04-20 17:54:48,712 [Thread-9] INFO : Peer 1004 received the ‘have’ message from 1003 for the piece 150.
2021-04-20 17:54:48,756 [Thread-7] INFO : Peer 1004 has downloaded the piece 73 from 1002. Now the number of pieces it has is 133.
2021-04-20 17:54:48,857 [Thread-7] INFO : Peer 1004 received the ‘have’ message from 1002 for the piece 187.
2021-04-20 17:54:48,913 [Thread-9] INFO : Peer 1004 received the ‘have’ message from 1003 for the piece 77.
2021-04-20 17:54:48,958 [Thread-7] INFO : Peer 1004 has downloaded the piece 1 from 1002. Now the number of pieces it has is 134.
2021-04-20 17:54:49,058 [Thread-7] INFO : Peer 1004 received the ‘have’ message from 1002 for the piece 249.
2021-04-20 17:54:49,114 [Thread-9] INFO : Peer 1004 received the ‘have’ message from 1003 for the piece 238.
2021-04-20 17:54:49,159 [Thread-7] INFO : Peer 1004 has downloaded the piece 67 from 1002. Now the number of pieces it has is 135.
2021-04-20 17:54:49,260 [Thread-7] INFO : Peer 1004 received the ‘have’ message from 1002 for the piece 239.
2021-04-20 17:54:49,315 [Thread-9] INFO : Peer 1004 received the ‘have’ message from 1003 for the piece 207.
2021-04-20 17:54:49,360 [Thread-7] INFO : Peer 1004 has downloaded the piece 188 from 1002. Now the number of pieces it has is 136.
2021-04-20 17:54:49,461 [Thread-7] INFO : Peer 1004 received the ‘have’ message from 1002 for the piece 240.
2021-04-20 17:54:49,562 [Thread-7] INFO : Peer 1004 has downloaded the piece 153 from 1002. Now the number of pieces it has is 137.
2021-04-20 17:54:49,563 [Thread-9] INFO : Peer 1004 received the ‘have’ message from 1003 for the piece 182.
2021-04-20 17:54:49,663 [Thread-7] INFO : Peer 1004 received the ‘have’ message from 1002 for the piece 90.
2021-04-20 17:54:49,717 [Thread-9] INFO : Peer 1004 received the ‘have’ message from 1003 for the piece 28.
2021-04-20 17:54:49,764 [Thread-7] INFO : Peer 1004 has downloaded the piece 59 from 1002. Now the number of pieces it has is 138.
2021-04-20 17:54:49,864 [Thread-7] INFO : Peer 1004 received the ‘have’ message from 1002 for the piece 149.
2021-04-20 17:54:49,918 [Thread-9] INFO : Peer 1004 received the ‘have’ message from 1003 for the piece 22.
2021-04-20 17:54:49,965 [Thread-7] INFO : Peer 1004 has downloaded the piece 207 from 1002. Now the number of pieces it has is 139.
2021-04-20 17:54:50,065 [Thread-7] INFO : Peer 1004 received the ‘have’ message from 1002 for the piece 145.
2021-04-20 17:54:50,119 [Thread-9] INFO : Peer 1004 received the ‘have’ message from 1003 for the piece 114.
2021-04-20 17:54:50,166 [Thread-7] INFO : Peer 1004 has downloaded the piece 118 from 1002. Now the number of pieces it has is 140.
2021-04-20 17:54:50,267 [Thread-7] INFO : Peer 1004 received the ‘have’ message from 1002 for the piece 4.
2021-04-20 17:54:50,320 [Thread-9] INFO : Peer 1004 received the ‘have’ message from 1003 for the piece 65.
2021-04-20 17:54:50,368 [Thread-7] INFO : Peer 1004 has downloaded the piece 88 from 1002. Now the number of pieces it has is 141.
2021-04-20 17:54:50,469 [Thread-7] INFO : Peer 1004 received the ‘have’ message from 1002 for the piece 98.
2021-04-20 17:54:50,521 [Thread-9] INFO : Peer 1004 received the ‘have’ message from 1003 for the piece 32.
2021-04-20 17:54:50,570 [Thread-7] INFO : Peer 1004 has downloaded the piece 232 from 1002. Now the number of pieces it has is 142.
2021-04-20 17:54:50,670 [Thread-7] INFO : Peer 1004 received the ‘have’ message from 1002 for the piece 64.
2021-04-20 17:54:50,721 [Thread-9] INFO : Peer 1004 received the ‘have’ message from 1003 for the piece 60.
2021-04-20 17:54:50,771 [Thread-7] INFO : Peer 1004 has downloaded the piece 213 from 1002. Now the number of pieces it has is 143.
2021-04-20 17:54:50,872 [Thread-7] INFO : Peer 1004 received the ‘have’ message from 1002 for the piece 11.
2021-04-20 17:54:50,923 [Thread-9] INFO : Peer 1004 received the ‘have’ message from 1003 for the piece 3.
2021-04-20 17:54:50,973 [Thread-7] INFO : Peer 1004 has downloaded the piece 53 from 1002. Now the number of pieces it has is 144.
2021-04-20 17:54:51,073 [Thread-7] INFO : Peer 1004 received the ‘have’ message from 1002 for the piece 30.
2021-04-20 17:54:51,123 [Thread-9] INFO : Peer 1004 received the ‘have’ message from 1003 for the piece 247.
2021-04-20 17:54:51,174 [Thread-7] INFO : Peer 1004 has downloaded the piece 3 from 1002. Now the number of pieces it has is 145.
2021-04-20 17:54:51,274 [Thread-7] INFO : Peer 1004 received the ‘have’ message from 1002 for the piece 51.
2021-04-20 17:54:51,324 [Thread-9] INFO : Peer 1004 received the ‘have’ message from 1003 for the piece 155.
2021-04-20 17:54:51,375 [Thread-7] INFO : Peer 1004 has downloaded the piece 25 from 1002. Now the number of pieces it has is 146.
2021-04-20 17:54:51,476 [Thread-7] INFO : Peer 1004 received the ‘have’ message from 1002 for the piece 225.
2021-04-20 17:54:51,525 [Thread-9] INFO : Peer 1004 received the ‘have’ message from 1003 for the piece 233.
2021-04-20 17:54:51,577 [Thread-7] INFO : Peer 1004 has downloaded the piece 200 from 1002. Now the number of pieces it has is 147.
2021-04-20 17:54:51,678 [Thread-7] INFO : Peer 1004 received the ‘have’ message from 1002 for the piece 29.
2021-04-20 17:54:51,726 [Thread-9] INFO : Peer 1004 received the ‘have’ message from 1003 for the piece 130.
2021-04-20 17:54:51,779 [Thread-7] INFO : Peer 1004 has downloaded the piece 24 from 1002. Now the number of pieces it has is 148.
2021-04-20 17:54:51,879 [Thread-7] INFO : Peer 1004 received the ‘have’ message from 1002 for the piece 86.
2021-04-20 17:54:51,927 [Thread-9] INFO : Peer 1004 received the ‘have’ message from 1003 for the piece 1.
2021-04-20 17:54:51,980 [Thread-7] INFO : Peer 1004 has downloaded the piece 12 from 1002. Now the number of pieces it has is 149.
2021-04-20 17:54:52,080 [Thread-7] INFO : Peer 1004 received the ‘have’ message from 1002 for the piece 114.
2021-04-20 17:54:52,128 [Thread-9] INFO : Peer 1004 received the ‘have’ message from 1003 for the piece 118.
2021-04-20 17:54:52,182 [Thread-7] INFO : Peer 1004 has downloaded the piece 139 from 1002. Now the number of pieces it has is 150.
2021-04-20 17:54:52,282 [Thread-7] INFO : Peer 1004 received the ‘have’ message from 1002 for the piece 195.
2021-04-20 17:54:52,328 [Thread-9] INFO : Peer 1004 received the ‘have’ message from 1003 for the piece 40.
2021-04-20 17:54:52,383 [Thread-7] INFO : Peer 1004 has downloaded the piece 81 from 1002. Now the number of pieces it has is 151.
2021-04-20 17:54:52,483 [Thread-7] INFO : Peer 1004 received the ‘have’ message from 1002 for the piece 82.
2021-04-20 17:54:52,529 [Thread-9] INFO : Peer 1004 received the ‘have’ message from 1003 for the piece 246.
2021-04-20 17:54:52,584 [Thread-7] INFO : Peer 1004 has downloaded the piece 52 from 1002. Now the number of pieces it has is 152.
2021-04-20 17:54:52,684 [Thread-7] INFO : Peer 1004 received the ‘have’ message from 1002 for the piece 48.
2021-04-20 17:54:52,730 [Thread-9] INFO : Peer 1004 received the ‘have’ message from 1003 for the piece 111.
2021-04-20 17:54:52,785 [Thread-7] INFO : Peer 1004 has downloaded the piece 85 from 1002. Now the number of pieces it has is 153.
2021-04-20 17:54:52,886 [Thread-7] INFO : Peer 1004 received the ‘have’ message from 1002 for the piece 257.
2021-04-20 17:54:52,930 [Thread-9] INFO : Peer 1004 received the ‘have’ message from 1003 for the piece 202.
2021-04-20 17:54:52,987 [Thread-7] INFO : Peer 1004 has downloaded the piece 71 from 1002. Now the number of pieces it has is 154.
2021-04-20 17:54:53,087 [Thread-7] INFO : Peer 1004 received the ‘have’ message from 1002 for the piece 79.
2021-04-20 17:54:53,131 [Thread-9] INFO : Peer 1004 received the ‘have’ message from 1003 for the piece 96.
2021-04-20 17:54:53,188 [Thread-7] INFO : Peer 1004 has downloaded the piece 168 from 1002. Now the number of pieces it has is 155.
2021-04-20 17:54:53,289 [Thread-7] INFO : Peer 1004 received the ‘have’ message from 1002 for the piece 15.
2021-04-20 17:54:53,332 [Thread-9] INFO : Peer 1004 received the ‘have’ message from 1003 for the piece 4.
2021-04-20 17:54:53,390 [Thread-7] INFO : Peer 1004 has downloaded the piece 55 from 1002. Now the number of pieces it has is 156.
2021-04-20 17:54:53,492 [Thread-7] INFO : Peer 1004 received the ‘have’ message from 1002 for the piece 157.
2021-04-20 17:54:53,533 [Thread-9] INFO : Peer 1004 received the ‘have’ message from 1003 for the piece 35.
2021-04-20 17:54:53,592 [Thread-7] INFO : Peer 1004 has downloaded the piece 93 from 1002. Now the number of pieces it has is 157.
2021-04-20 17:54:53,693 [Thread-7] INFO : Peer 1004 received the ‘have’ message from 1002 for the piece 201.
2021-04-20 17:54:53,734 [Thread-9] INFO : Peer 1004 received the ‘have’ message from 1003 for the piece 34.
2021-04-20 17:54:53,794 [Thread-7] INFO : Peer 1004 has downloaded the piece 76 from 1002. Now the number of pieces it has is 158.
2021-04-20 17:54:53,894 [Thread-7] INFO : Peer 1004 received the ‘have’ message from 1002 for the piece 80.
2021-04-20 17:54:53,935 [Thread-9] INFO : Peer 1004 received the ‘have’ message from 1003 for the piece 225.
2021-04-20 17:54:53,995 [Thread-7] INFO : Peer 1004 has downloaded the piece 261 from 1002. Now the number of pieces it has is 159.
2021-04-20 17:54:54,095 [Thread-7] INFO : Peer 1004 received the ‘have’ message from 1002 for the piece 221.
2021-04-20 17:54:54,136 [Thread-9] INFO : Peer 1004 received the ‘have’ message from 1003 for the piece 42.
2021-04-20 17:54:54,196 [Thread-7] INFO : Peer 1004 has downloaded the piece 117 from 1002. Now the number of pieces it has is 160.
2021-04-20 17:54:54,297 [Thread-7] INFO : Peer 1004 received the ‘have’ message from 1002 for the piece 13.
2021-04-20 17:54:54,337 [Thread-9] INFO : Peer 1004 received the ‘have’ message from 1003 for the piece 231.
2021-04-20 17:54:54,397 [Thread-7] INFO : Peer 1004 has downloaded the piece 211 from 1002. Now the number of pieces it has is 161.
2021-04-20 17:54:54,498 [Thread-7] INFO : Peer 1004 received the ‘have’ message from 1002 for the piece 71.
2021-04-20 17:54:54,538 [Thread-9] INFO : Peer 1004 received the ‘have’ message from 1003 for the piece 239.
2021-04-20 17:54:54,599 [Thread-7] INFO : Peer 1004 has downloaded the piece 87 from 1002. Now the number of pieces it has is 162.
2021-04-20 17:54:54,699 [Thread-7] INFO : Peer 1004 received the ‘have’ message from 1002 for the piece 111.
2021-04-20 17:54:54,739 [Thread-9] INFO : Peer 1004 received the ‘have’ message from 1003 for the piece 50.
2021-04-20 17:54:54,800 [Thread-7] INFO : Peer 1004 has downloaded the piece 10 from 1002. Now the number of pieces it has is 163.
2021-04-20 17:54:54,901 [Thread-7] INFO : Peer 1004 received the ‘have’ message from 1002 for the piece 58.
2021-04-20 17:54:54,940 [Thread-9] INFO : Peer 1004 received the ‘have’ message from 1003 for the piece 157.
2021-04-20 17:54:55,002 [Thread-7] INFO : Peer 1004 has downloaded the piece 120 from 1002. Now the number of pieces it has is 164.
2021-04-20 17:54:55,102 [Thread-7] INFO : Peer 1004 received the ‘have’ message from 1002 for the piece 211.
2021-04-20 17:54:55,141 [Thread-9] INFO : Peer 1004 received the ‘have’ message from 1003 for the piece 242.
2021-04-20 17:54:55,203 [Thread-7] INFO : Peer 1004 has downloaded the piece 206 from 1002. Now the number of pieces it has is 165.
2021-04-20 17:54:55,304 [Thread-7] INFO : Peer 1004 received the ‘have’ message from 1002 for the piece 8.
2021-04-20 17:54:55,341 [Thread-9] INFO : Peer 1004 received the ‘have’ message from 1003 for the piece 121.
2021-04-20 17:54:55,405 [Thread-7] INFO : Peer 1004 has downloaded the piece 104 from 1002. Now the number of pieces it has is 166.
2021-04-20 17:54:55,505 [Thread-7] INFO : Peer 1004 received the ‘have’ message from 1002 for the piece 115.
2021-04-20 17:54:55,542 [Thread-9] INFO : Peer 1004 received the ‘have’ message from 1003 for the piece 88.
2021-04-20 17:54:55,607 [Thread-7] INFO : Peer 1004 has downloaded the piece 8 from 1002. Now the number of pieces it has is 167.
2021-04-20 17:54:55,707 [Thread-7] INFO : Peer 1004 received the ‘have’ message from 1002 for the piece 163.
2021-04-20 17:54:55,744 [Thread-9] INFO : Peer 1004 received the ‘have’ message from 1003 for the piece 219.
2021-04-20 17:54:55,808 [Thread-7] INFO : Peer 1004 has downloaded the piece 212 from 1002. Now the number of pieces it has is 168.
2021-04-20 17:54:55,909 [Thread-7] INFO : Peer 1004 received the ‘have’ message from 1002 for the piece 34.
2021-04-20 17:54:55,944 [Thread-9] INFO : Peer 1004 received the ‘have’ message from 1003 for the piece 171.
2021-04-20 17:54:56,010 [Thread-7] INFO : Peer 1004 has downloaded the piece 163 from 1002. Now the number of pieces it has is 169.
2021-04-20 17:54:56,110 [Thread-7] INFO : Peer 1004 received the ‘have’ message from 1002 for the piece 220.
2021-04-20 17:54:56,152 [Thread-9] INFO : Peer 1004 received the ‘have’ message from 1003 for the piece 91.
2021-04-20 17:54:56,211 [Thread-7] INFO : Peer 1004 has downloaded the piece 146 from 1002. Now the number of pieces it has is 170.
2021-04-20 17:54:56,312 [Thread-7] INFO : Peer 1004 received the ‘have’ message from 1002 for the piece 126.
2021-04-20 17:54:56,353 [Thread-9] INFO : Peer 1004 received the ‘have’ message from 1003 for the piece 120.
2021-04-20 17:54:56,413 [Thread-7] INFO : Peer 1004 has downloaded the piece 114 from 1002. Now the number of pieces it has is 171.
2021-04-20 17:54:56,514 [Thread-7] INFO : Peer 1004 received the ‘have’ message from 1002 for the piece 118.
2021-04-20 17:54:56,554 [Thread-9] INFO : Peer 1004 received the ‘have’ message from 1003 for the piece 236.
2021-04-20 17:54:56,615 [Thread-7] INFO : Peer 1004 has downloaded the piece 152 from 1002. Now the number of pieces it has is 172.
2021-04-20 17:54:56,715 [Thread-7] INFO : Peer 1004 received the ‘have’ message from 1002 for the piece 116.
2021-04-20 17:54:56,755 [Thread-9] INFO : Peer 1004 received the ‘have’ message from 1003 for the piece 56.
2021-04-20 17:54:56,816 [Thread-7] INFO : Peer 1004 has downloaded the piece 37 from 1002. Now the number of pieces it has is 173.
2021-04-20 17:54:56,917 [Thread-7] INFO : Peer 1004 received the ‘have’ message from 1002 for the piece 143.
2021-04-20 17:54:56,956 [Thread-9] INFO : Peer 1004 received the ‘have’ message from 1003 for the piece 113.
2021-04-20 17:54:57,018 [Thread-7] INFO : Peer 1004 has downloaded the piece 61 from 1002. Now the number of pieces it has is 174.
2021-04-20 17:54:57,118 [Thread-7] INFO : Peer 1004 received the ‘have’ message from 1002 for the piece 182.
2021-04-20 17:54:57,157 [Thread-9] INFO : Peer 1004 received the ‘have’ message from 1003 for the piece 39.
2021-04-20 17:54:57,219 [Thread-7] INFO : Peer 1004 has downloaded the piece 164 from 1002. Now the number of pieces it has is 175.
2021-04-20 17:54:57,319 [Thread-7] INFO : Peer 1004 received the ‘have’ message from 1002 for the piece 109.
2021-04-20 17:54:57,358 [Thread-9] INFO : Peer 1004 received the ‘have’ message from 1003 for the piece 141.
2021-04-20 17:54:57,420 [Thread-7] INFO : Peer 1004 has downloaded the piece 154 from 1002. Now the number of pieces it has is 176.
2021-04-20 17:54:57,520 [Thread-7] INFO : Peer 1004 received the ‘have’ message from 1002 for the piece 191.
2021-04-20 17:54:57,559 [Thread-9] INFO : Peer 1004 received the ‘have’ message from 1003 for the piece 191.
2021-04-20 17:54:57,621 [Thread-7] INFO : Peer 1004 has downloaded the piece 219 from 1002. Now the number of pieces it has is 177.
2021-04-20 17:54:57,722 [Thread-7] INFO : Peer 1004 received the ‘have’ message from 1002 for the piece 61.
2021-04-20 17:54:57,759 [Thread-9] INFO : Peer 1004 received the ‘have’ message from 1003 for the piece 241.
2021-04-20 17:54:57,822 [Thread-7] INFO : Peer 1004 has downloaded the piece 184 from 1002. Now the number of pieces it has is 178.
2021-04-20 17:54:57,923 [Thread-7] INFO : Peer 1004 received the ‘have’ message from 1002 for the piece 233.
2021-04-20 17:54:57,960 [Thread-9] INFO : Peer 1004 received the ‘have’ message from 1003 for the piece 64.
2021-04-20 17:54:58,024 [Thread-7] INFO : Peer 1004 has downloaded the piece 136 from 1002. Now the number of pieces it has is 179.
2021-04-20 17:54:58,125 [Thread-7] INFO : Peer 1004 received the ‘have’ message from 1002 for the piece 136.
2021-04-20 17:54:58,161 [Thread-9] INFO : Peer 1004 received the ‘have’ message from 1003 for the piece 226.
2021-04-20 17:54:58,226 [Thread-7] INFO : Peer 1004 has downloaded the piece 115 from 1002. Now the number of pieces it has is 180.
2021-04-20 17:54:58,326 [Thread-7] INFO : Peer 1004 received the ‘have’ message from 1002 for the piece 198.
2021-04-20 17:54:58,362 [Thread-9] INFO : Peer 1004 received the ‘have’ message from 1003 for the piece 196.
2021-04-20 17:54:58,427 [Thread-7] INFO : Peer 1004 has downloaded the piece 177 from 1002. Now the number of pieces it has is 181.
2021-04-20 17:54:58,528 [Thread-7] INFO : Peer 1004 received the ‘have’ message from 1002 for the piece 129.
2021-04-20 17:54:58,563 [Thread-9] INFO : Peer 1004 received the ‘have’ message from 1003 for the piece 204.
2021-04-20 17:54:58,629 [Thread-7] INFO : Peer 1004 has downloaded the piece 113 from 1002. Now the number of pieces it has is 182.
2021-04-20 17:54:58,729 [Thread-7] INFO : Peer 1004 received the ‘have’ message from 1002 for the piece 153.
2021-04-20 17:54:58,764 [Thread-9] INFO : Peer 1004 received the ‘have’ message from 1003 for the piece 258.
2021-04-20 17:54:58,830 [Thread-7] INFO : Peer 1004 has downloaded the piece 58 from 1002. Now the number of pieces it has is 183.
2021-04-20 17:54:58,931 [Thread-7] INFO : Peer 1004 received the ‘have’ message from 1002 for the piece 74.
2021-04-20 17:54:58,965 [Thread-9] INFO : Peer 1004 received the ‘have’ message from 1003 for the piece 89.
2021-04-20 17:54:59,032 [Thread-7] INFO : Peer 1004 has downloaded the piece 193 from 1002. Now the number of pieces it has is 184.
2021-04-20 17:54:59,132 [Thread-7] INFO : Peer 1004 received the ‘have’ message from 1002 for the piece 255.
2021-04-20 17:54:59,166 [Thread-9] INFO : Peer 1004 received the ‘have’ message from 1003 for the piece 194.
2021-04-20 17:54:59,233 [Thread-7] INFO : Peer 1004 has downloaded the piece 77 from 1002. Now the number of pieces it has is 185.
2021-04-20 17:54:59,334 [Thread-7] INFO : Peer 1004 received the ‘have’ message from 1002 for the piece 83.
2021-04-20 17:54:59,367 [Thread-9] INFO : Peer 1004 received the ‘have’ message from 1003 for the piece 151.
2021-04-20 17:54:59,435 [Thread-7] INFO : Peer 1004 has downloaded the piece 134 from 1002. Now the number of pieces it has is 186.
2021-04-20 17:54:59,535 [Thread-7] INFO : Peer 1004 received the ‘have’ message from 1002 for the piece 246.
2021-04-20 17:54:59,568 [Thread-9] INFO : Peer 1004 received the ‘have’ message from 1003 for the piece 140.
2021-04-20 17:54:59,636 [Thread-7] INFO : Peer 1004 has downloaded the piece 143 from 1002. Now the number of pieces it has is 187.
2021-04-20 17:54:59,736 [Thread-7] INFO : Peer 1004 received the ‘have’ message from 1002 for the piece 128.
2021-04-20 17:54:59,768 [Thread-9] INFO : Peer 1004 received the ‘have’ message from 1003 for the piece 45.
2021-04-20 17:54:59,837 [Thread-7] INFO : Peer 1004 has downloaded the piece 84 from 1002. Now the number of pieces it has is 188.
2021-04-20 17:54:59,938 [Thread-7] INFO : Peer 1004 received the ‘have’ message from 1002 for the piece 120.
2021-04-20 17:54:59,969 [Thread-9] INFO : Peer 1004 received the ‘have’ message from 1003 for the piece 49.
2021-04-20 17:55:00,039 [Thread-7] INFO : Peer 1004 has downloaded the piece 135 from 1002. Now the number of pieces it has is 189.
2021-04-20 17:55:00,139 [Thread-7] INFO : Peer 1004 received the ‘have’ message from 1002 for the piece 131.
2021-04-20 17:55:00,170 [Thread-9] INFO : Peer 1004 received the ‘have’ message from 1003 for the piece 234.
2021-04-20 17:55:00,240 [Thread-7] INFO : Peer 1004 has downloaded the piece 248 from 1002. Now the number of pieces it has is 190.
2021-04-20 17:55:00,340 [Thread-7] INFO : Peer 1004 received the ‘have’ message from 1002 for the piece 193.
2021-04-20 17:55:00,371 [Thread-9] INFO : Peer 1004 received the ‘have’ message from 1003 for the piece 97.
2021-04-20 17:55:00,441 [Thread-7] INFO : Peer 1004 has downloaded the piece 132 from 1002. Now the number of pieces it has is 191.
2021-04-20 17:55:00,541 [Thread-7] INFO : Peer 1004 received the ‘have’ message from 1002 for the piece 25.
2021-04-20 17:55:00,572 [Thread-9] INFO : Peer 1004 received the ‘have’ message from 1003 for the piece 117.
2021-04-20 17:55:00,643 [Thread-7] INFO : Peer 1004 has downloaded the piece 241 from 1002. Now the number of pieces it has is 192.
2021-04-20 17:55:00,743 [Thread-7] INFO : Peer 1004 received the ‘have’ message from 1002 for the piece 203.
2021-04-20 17:55:00,773 [Thread-9] INFO : Peer 1004 received the ‘have’ message from 1003 for the piece 112.
2021-04-20 17:55:00,844 [Thread-7] INFO : Peer 1004 has downloaded the piece 30 from 1002. Now the number of pieces it has is 193.
2021-04-20 17:55:00,945 [Thread-7] INFO : Peer 1004 received the ‘have’ message from 1002 for the piece 237.
2021-04-20 17:55:00,973 [Thread-9] INFO : Peer 1004 received the ‘have’ message from 1003 for the piece 26.
2021-04-20 17:55:01,046 [Thread-7] INFO : Peer 1004 has downloaded the piece 198 from 1002. Now the number of pieces it has is 194.
2021-04-20 17:55:01,147 [Thread-7] INFO : Peer 1004 received the ‘have’ message from 1002 for the piece 226.
2021-04-20 17:55:01,174 [Thread-9] INFO : Peer 1004 received the ‘have’ message from 1003 for the piece 16.
2021-04-20 17:55:01,248 [Thread-7] INFO : Peer 1004 has downloaded the piece 204 from 1002. Now the number of pieces it has is 195.
2021-04-20 17:55:01,348 [Thread-7] INFO : Peer 1004 received the ‘have’ message from 1002 for the piece 142.
2021-04-20 17:55:01,375 [Thread-9] INFO : Peer 1004 received the ‘have’ message from 1003 for the piece 125.
2021-04-20 17:55:01,449 [Thread-7] INFO : Peer 1004 has downloaded the piece 158 from 1002. Now the number of pieces it has is 196.
2021-04-20 17:55:01,550 [Thread-7] INFO : Peer 1004 received the ‘have’ message from 1002 for the piece 234.
2021-04-20 17:55:01,576 [Thread-9] INFO : Peer 1004 received the ‘have’ message from 1003 for the piece 192.
2021-04-20 17:55:01,651 [Thread-7] INFO : Peer 1004 has downloaded the piece 234 from 1002. Now the number of pieces it has is 197.
2021-04-20 17:55:01,751 [Thread-7] INFO : Peer 1004 received the ‘have’ message from 1002 for the piece 232.
2021-04-20 17:55:01,777 [Thread-9] INFO : Peer 1004 received the ‘have’ message from 1003 for the piece 211.
2021-04-20 17:55:01,852 [Thread-7] INFO : Peer 1004 has downloaded the piece 229 from 1002. Now the number of pieces it has is 198.
2021-04-20 17:55:01,953 [Thread-7] INFO : Peer 1004 received the ‘have’ message from 1002 for the piece 139.
2021-04-20 17:55:01,978 [Thread-9] INFO : Peer 1004 received the ‘have’ message from 1003 for the piece 240.
2021-04-20 17:55:02,054 [Thread-7] INFO : Peer 1004 has downloaded the piece 239 from 1002. Now the number of pieces it has is 199.
2021-04-20 17:55:02,154 [Thread-7] INFO : Peer 1004 received the ‘have’ message from 1002 for the piece 103.
2021-04-20 17:55:02,179 [Thread-9] INFO : Peer 1004 received the ‘have’ message from 1003 for the piece 7.
2021-04-20 17:55:02,255 [Thread-7] INFO : Peer 1004 has downloaded the piece 140 from 1002. Now the number of pieces it has is 200.
2021-04-20 17:55:02,356 [Thread-7] INFO : Peer 1004 received the ‘have’ message from 1002 for the piece 186.
2021-04-20 17:55:02,380 [Thread-9] INFO : Peer 1004 received the ‘have’ message from 1003 for the piece 128.
2021-04-20 17:55:02,457 [Thread-7] INFO : Peer 1004 has downloaded the piece 137 from 1002. Now the number of pieces it has is 201.
2021-04-20 17:55:02,557 [Thread-7] INFO : Peer 1004 received the ‘have’ message from 1002 for the piece 81.
2021-04-20 17:55:02,580 [Thread-9] INFO : Peer 1004 received the ‘have’ message from 1003 for the piece 145.
2021-04-20 17:55:02,658 [Thread-7] INFO : Peer 1004 has downloaded the piece 96 from 1002. Now the number of pieces it has is 202.
2021-04-20 17:55:02,759 [Thread-7] INFO : Peer 1004 received the ‘have’ message from 1002 for the piece 100.
2021-04-20 17:55:02,781 [Thread-9] INFO : Peer 1004 received the ‘have’ message from 1003 for the piece 5.
2021-04-20 17:55:02,860 [Thread-7] INFO : Peer 1004 has downloaded the piece 189 from 1002. Now the number of pieces it has is 203.
2021-04-20 17:55:02,960 [Thread-7] INFO : Peer 1004 received the ‘have’ message from 1002 for the piece 0.
2021-04-20 17:55:02,982 [Thread-9] INFO : Peer 1004 received the ‘have’ message from 1003 for the piece 41.
2021-04-20 17:55:03,061 [Thread-7] INFO : Peer 1004 has downloaded the piece 237 from 1002. Now the number of pieces it has is 204.
2021-04-20 17:55:03,162 [Thread-7] INFO : Peer 1004 received the ‘have’ message from 1002 for the piece 147.
2021-04-20 17:55:03,183 [Thread-9] INFO : Peer 1004 received the ‘have’ message from 1003 for the piece 9.
2021-04-20 17:55:03,263 [Thread-7] INFO : Peer 1004 has downloaded the piece 121 from 1002. Now the number of pieces it has is 205.
2021-04-20 17:55:03,364 [Thread-7] INFO : Peer 1004 received the ‘have’ message from 1002 for the piece 24.
2021-04-20 17:55:03,384 [Thread-9] INFO : Peer 1004 received the ‘have’ message from 1003 for the piece 216.
2021-04-20 17:55:03,465 [Thread-7] INFO : Peer 1004 has downloaded the piece 7 from 1002. Now the number of pieces it has is 206.
2021-04-20 17:55:03,565 [Thread-7] INFO : Peer 1004 received the ‘have’ message from 1002 for the piece 224.
2021-04-20 17:55:03,585 [Thread-9] INFO : Peer 1004 received the ‘have’ message from 1003 for the piece 156.
2021-04-20 17:55:03,666 [Thread-7] INFO : Peer 1004 has downloaded the piece 86 from 1002. Now the number of pieces it has is 207.
2021-04-20 17:55:03,767 [Thread-7] INFO : Peer 1004 received the ‘have’ message from 1002 for the piece 250.
2021-04-20 17:55:03,786 [Thread-9] INFO : Peer 1004 received the ‘have’ message from 1003 for the piece 160.
2021-04-20 17:55:03,868 [Thread-7] INFO : Peer 1004 has downloaded the piece 231 from 1002. Now the number of pieces it has is 208.
2021-04-20 17:55:03,968 [Thread-7] INFO : Peer 1004 received the ‘have’ message from 1002 for the piece 18.
2021-04-20 17:55:03,987 [Thread-9] INFO : Peer 1004 received the ‘have’ message from 1003 for the piece 33.
2021-04-20 17:55:04,069 [Thread-7] INFO : Peer 1004 has downloaded the piece 31 from 1002. Now the number of pieces it has is 209.
2021-04-20 17:55:04,170 [Thread-7] INFO : Peer 1004 received the ‘have’ message from 1002 for the piece 73.
2021-04-20 17:55:04,189 [Thread-9] INFO : Peer 1004 received the ‘have’ message from 1003 for the piece 250.
2021-04-20 17:55:04,271 [Thread-7] INFO : Peer 1004 has downloaded the piece 148 from 1002. Now the number of pieces it has is 210.
2021-04-20 17:55:04,371 [Thread-7] INFO : Peer 1004 received the ‘have’ message from 1002 for the piece 124.
2021-04-20 17:55:04,389 [Thread-9] INFO : Peer 1004 received the ‘have’ message from 1003 for the piece 244.
2021-04-20 17:55:04,472 [Thread-7] INFO : Peer 1004 has downloaded the piece 21 from 1002. Now the number of pieces it has is 211.
2021-04-20 17:55:04,573 [Thread-7] INFO : Peer 1004 received the ‘have’ message from 1002 for the piece 202.
2021-04-20 17:55:04,590 [Thread-9] INFO : Peer 1004 received the ‘have’ message from 1003 for the piece 214.
2021-04-20 17:55:04,674 [Thread-7] INFO : Peer 1004 has downloaded the piece 78 from 1002. Now the number of pieces it has is 212.
2021-04-20 17:55:04,774 [Thread-7] INFO : Peer 1004 received the ‘have’ message from 1002 for the piece 227.
2021-04-20 17:55:04,791 [Thread-9] INFO : Peer 1004 received the ‘have’ message from 1003 for the piece 43.
2021-04-20 17:55:04,875 [Thread-7] INFO : Peer 1004 has downloaded the piece 205 from 1002. Now the number of pieces it has is 213.
2021-04-20 17:55:04,976 [Thread-7] INFO : Peer 1004 received the ‘have’ message from 1002 for the piece 190.
2021-04-20 17:55:04,991 [Thread-9] INFO : Peer 1004 received the ‘have’ message from 1003 for the piece 81.
2021-04-20 17:55:05,077 [Thread-7] INFO : Peer 1004 has downloaded the piece 228 from 1002. Now the number of pieces it has is 214.
2021-04-20 17:55:05,177 [Thread-7] INFO : Peer 1004 received the ‘have’ message from 1002 for the piece 43.
2021-04-20 17:55:05,192 [Thread-9] INFO : Peer 1004 received the ‘have’ message from 1003 for the piece 107.
2021-04-20 17:55:05,278 [Thread-7] INFO : Peer 1004 has downloaded the piece 123 from 1002. Now the number of pieces it has is 215.
2021-04-20 17:55:05,379 [Thread-7] INFO : Peer 1004 received the ‘have’ message from 1002 for the piece 46.
2021-04-20 17:55:05,393 [Thread-9] INFO : Peer 1004 received the ‘have’ message from 1003 for the piece 208.
2021-04-20 17:55:05,480 [Thread-7] INFO : Peer 1004 has downloaded the piece 253 from 1002. Now the number of pieces it has is 216.
2021-04-20 17:55:05,580 [Thread-7] INFO : Peer 1004 received the ‘have’ message from 1002 for the piece 87.
2021-04-20 17:55:05,594 [Thread-9] INFO : Peer 1004 received the ‘have’ message from 1003 for the piece 209.
2021-04-20 17:55:05,681 [Thread-7] INFO : Peer 1004 has downloaded the piece 41 from 1002. Now the number of pieces it has is 217.
2021-04-20 17:55:05,781 [Thread-7] INFO : Peer 1004 received the ‘have’ message from 1002 for the piece 228.
2021-04-20 17:55:05,795 [Thread-9] INFO : Peer 1004 received the ‘have’ message from 1003 for the piece 237.
2021-04-20 17:55:05,882 [Thread-7] INFO : Peer 1004 has downloaded the piece 80 from 1002. Now the number of pieces it has is 218.
2021-04-20 17:55:05,982 [Thread-7] INFO : Peer 1004 received the ‘have’ message from 1002 for the piece 256.
2021-04-20 17:55:05,996 [Thread-9] INFO : Peer 1004 received the ‘have’ message from 1003 for the piece 167.
2021-04-20 17:55:06,083 [Thread-7] INFO : Peer 1004 has downloaded the piece 227 from 1002. Now the number of pieces it has is 219.
2021-04-20 17:55:06,183 [Thread-7] INFO : Peer 1004 received the ‘have’ message from 1002 for the piece 206.
2021-04-20 17:55:06,197 [Thread-9] INFO : Peer 1004 received the ‘have’ message from 1003 for the piece 173.
2021-04-20 17:55:06,284 [Thread-7] INFO : Peer 1004 has downloaded the piece 262 from 1002. Now the number of pieces it has is 220.
2021-04-20 17:55:06,385 [Thread-7] INFO : Peer 1004 received the ‘have’ message from 1002 for the piece 259.
2021-04-20 17:55:06,398 [Thread-9] INFO : Peer 1004 received the ‘have’ message from 1003 for the piece 186.
2021-04-20 17:55:06,485 [Thread-7] INFO : Peer 1004 has downloaded the piece 201 from 1002. Now the number of pieces it has is 221.
2021-04-20 17:55:06,586 [Thread-7] INFO : Peer 1004 received the ‘have’ message from 1002 for the piece 148.
2021-04-20 17:55:06,640 [Thread-9] INFO : Peer 1004 received the ‘have’ message from 1003 for the piece 106.
2021-04-20 17:55:06,687 [Thread-7] INFO : Peer 1004 has downloaded the piece 259 from 1002. Now the number of pieces it has is 222.
2021-04-20 17:55:06,787 [Thread-7] INFO : Peer 1004 received the ‘have’ message from 1002 for the piece 132.
2021-04-20 17:55:06,844 [Thread-9] INFO : Peer 1004 received the ‘have’ message from 1003 for the piece 71.
2021-04-20 17:55:06,888 [Thread-7] INFO : Peer 1004 has downloaded the piece 147 from 1002. Now the number of pieces it has is 223.
2021-04-20 17:55:06,988 [Thread-7] INFO : Peer 1004 received the ‘have’ message from 1002 for the piece 21.
2021-04-20 17:55:07,000 [Thread-9] INFO : Peer 1004 received the ‘have’ message from 1003 for the piece 148.
2021-04-20 17:55:07,089 [Thread-7] INFO : Peer 1004 has downloaded the piece 131 from 1002. Now the number of pieces it has is 224.
2021-04-20 17:55:07,189 [Thread-7] INFO : Peer 1004 received the ‘have’ message from 1002 for the piece 213.
2021-04-20 17:55:07,272 [Thread-9] INFO : Peer 1004 received the ‘have’ message from 1003 for the piece 190.
2021-04-20 17:55:07,290 [Thread-7] INFO : Peer 1004 has downloaded the piece 18 from 1002. Now the number of pieces it has is 225.
2021-04-20 17:55:07,390 [Thread-7] INFO : Peer 1004 received the ‘have’ message from 1002 for the piece 54.
2021-04-20 17:55:07,473 [Thread-9] INFO : Peer 1004 received the ‘have’ message from 1003 for the piece 165.
2021-04-20 17:55:07,491 [Thread-7] INFO : Peer 1004 has downloaded the piece 210 from 1002. Now the number of pieces it has is 226.
2021-04-20 17:55:07,592 [Thread-7] INFO : Peer 1004 received the ‘have’ message from 1002 for the piece 110.
2021-04-20 17:55:07,674 [Thread-9] INFO : Peer 1004 received the ‘have’ message from 1003 for the piece 143.
2021-04-20 17:55:07,692 [Thread-7] INFO : Peer 1004 received the ‘have’ message from 1002 for the piece 151.
2021-04-20 17:55:07,875 [Thread-7] INFO : Peer 1004 received the ‘have’ message from 1002 for the piece 67.
2021-04-20 17:55:07,876 [Thread-9] INFO : Peer 1004 received the ‘have’ message from 1003 for the piece 230.
2021-04-20 17:55:08,076 [Thread-9] INFO : Peer 1004 received the ‘have’ message from 1003 for the piece 229.
2021-04-20 17:55:08,076 [Thread-7] INFO : Peer 1004 received the ‘have’ message from 1002 for the piece 167.
2021-04-20 17:55:08,277 [Thread-7] INFO : Peer 1004 received the ‘have’ message from 1002 for the piece 89.
2021-04-20 17:55:08,277 [Thread-9] INFO : Peer 1004 received the ‘have’ message from 1003 for the piece 248.
2021-04-20 17:55:08,478 [Thread-7] INFO : Peer 1004 received the ‘have’ message from 1002 for the piece 122.
2021-04-20 17:55:08,520 [Thread-9] INFO : Peer 1004 received the ‘have’ message from 1003 for the piece 210.
2021-04-20 17:55:08,679 [Thread-9] INFO : Peer 1004 received the ‘have’ message from 1003 for the piece 215.
2021-04-20 17:55:08,681 [Thread-7] INFO : Peer 1004 received the ‘have’ message from 1002 for the piece 192.
2021-04-20 17:55:08,880 [Thread-7] INFO : Peer 1004 received the ‘have’ message from 1002 for the piece 52.
2021-04-20 17:55:08,880 [Thread-9] INFO : Peer 1004 received the ‘have’ message from 1003 for the piece 27.
2021-04-20 17:55:09,081 [Thread-7] INFO : Peer 1004 received the ‘have’ message from 1002 for the piece 32.
2021-04-20 17:55:09,081 [Thread-9] INFO : Peer 1004 received the ‘have’ message from 1003 for the piece 48.
2021-04-20 17:55:09,284 [Thread-9] INFO : Peer 1004 received the ‘have’ message from 1003 for the piece 136.
2021-04-20 17:55:09,286 [Thread-7] INFO : Peer 1004 received the ‘have’ message from 1002 for the piece 248.
2021-04-20 17:55:09,483 [Thread-7] INFO : Peer 1004 received the ‘have’ message from 1002 for the piece 88.
2021-04-20 17:55:09,484 [Thread-9] INFO : Peer 1004 received the ‘have’ message from 1003 for the piece 38.
2021-04-20 17:55:09,684 [Thread-7] INFO : Peer 1004 received the ‘have’ message from 1002 for the piece 181.
2021-04-20 17:55:09,685 [Thread-9] INFO : Peer 1004 received the ‘have’ message from 1003 for the piece 53.
2021-04-20 17:55:09,885 [Thread-7] INFO : Peer 1004 received the ‘have’ message from 1002 for the piece 189.
2021-04-20 17:55:09,886 [Thread-9] INFO : Peer 1004 received the ‘have’ message from 1003 for the piece 79.
2021-04-20 17:55:10,086 [Thread-7] INFO : Peer 1004 received the ‘have’ message from 1002 for the piece 133.
2021-04-20 17:55:10,087 [Thread-9] INFO : Peer 1004 received the ‘have’ message from 1003 for the piece 169.
2021-04-20 17:55:10,287 [Thread-7] INFO : Peer 1004 received the ‘have’ message from 1002 for the piece 63.
2021-04-20 17:55:10,287 [Thread-9] INFO : Peer 1004 received the ‘have’ message from 1003 for the piece 46.
2021-04-20 17:55:10,488 [Thread-7] INFO : Peer 1004 received the ‘have’ message from 1002 for the piece 262.
2021-04-20 17:55:10,488 [Thread-9] INFO : Peer 1004 received the ‘have’ message from 1003 for the piece 158.
2021-04-20 17:55:10,689 [Thread-9] INFO : Peer 1004 received the ‘have’ message from 1003 for the piece 184.
2021-04-20 17:55:10,689 [Thread-7] INFO : Peer 1002 as downloaded the complete file.
2021-04-20 17:55:10,689 [Thread-7] INFO : Peer 1004 received the ‘have’ message from 1002 for the piece 241.
2021-04-20 17:55:10,890 [Thread-9] INFO : Peer 1004 received the ‘have’ message from 1003 for the piece 183.
2021-04-20 17:55:11,090 [Thread-9] INFO : Peer 1004 received the ‘have’ message from 1003 for the piece 13.
2021-04-20 17:55:11,291 [Thread-9] INFO : Peer 1004 received the ‘have’ message from 1003 for the piece 197.
2021-04-20 17:55:11,492 [Thread-9] INFO : Peer 1004 received the ‘have’ message from 1003 for the piece 132.
2021-04-20 17:55:11,693 [Thread-9] INFO : Peer 1004 received the ‘have’ message from 1003 for the piece 54.
2021-04-20 17:55:11,893 [Thread-9] INFO : Peer 1004 received the ‘have’ message from 1003 for the piece 17.
2021-04-20 17:55:12,094 [Thread-9] INFO : Peer 1004 received the ‘have’ message from 1003 for the piece 142.
2021-04-20 17:55:12,295 [Thread-9] INFO : Peer 1004 received the ‘have’ message from 1003 for the piece 109.
2021-04-20 17:55:12,496 [Thread-9] INFO : Peer 1004 received the ‘have’ message from 1003 for the piece 123.
2021-04-20 17:55:12,697 [Thread-9] INFO : Peer 1004 received the ‘have’ message from 1003 for the piece 18.
2021-04-20 17:55:12,898 [Thread-9] INFO : Peer 1004 received the ‘have’ message from 1003 for the piece 6.
2021-04-20 17:55:13,099 [Thread-9] INFO : Peer 1004 received the ‘have’ message from 1003 for the piece 37.
2021-04-20 17:55:13,299 [Thread-9] INFO : Peer 1004 received the ‘have’ message from 1003 for the piece 24.
2021-04-20 17:55:13,500 [Thread-9] INFO : Peer 1004 received the ‘have’ message from 1003 for the piece 75.
2021-04-20 17:55:13,701 [Thread-9] INFO : Peer 1004 received the ‘have’ message from 1003 for the piece 67.
2021-04-20 17:55:13,902 [Thread-9] INFO : Peer 1004 received the ‘have’ message from 1003 for the piece 62.
2021-04-20 17:55:14,103 [Thread-9] INFO : Peer 1004 received the ‘have’ message from 1003 for the piece 93.
2021-04-20 17:55:14,304 [Thread-9] INFO : Peer 1004 received the ‘have’ message from 1003 for the piece 102.
2021-04-20 17:55:14,505 [Thread-9] INFO : Peer 1004 received the ‘have’ message from 1003 for the piece 185.
2021-04-20 17:55:14,706 [Thread-9] INFO : Peer 1004 received the ‘have’ message from 1003 for the piece 59.
2021-04-20 17:55:14,906 [Thread-9] INFO : Peer 1004 received the ‘have’ message from 1003 for the piece 254.
2021-04-20 17:55:15,107 [Thread-9] INFO : Peer 1004 received the ‘have’ message from 1003 for the piece 206.
2021-04-20 17:55:15,308 [Thread-9] INFO : Peer 1004 received the ‘have’ message from 1003 for the piece 129.
2021-04-20 17:55:15,509 [Thread-9] INFO : Peer 1004 received the ‘have’ message from 1003 for the piece 162.
2021-04-20 17:55:15,752 [Thread-9] INFO : Peer 1003 as downloaded the complete file.
2021-04-20 17:55:15,752 [Thread-9] INFO : Peer 1004 received the ‘have’ message from 1003 for the piece 78.
